2026-05-25 04:16:19.753 [restartedMain] INFO  c.e.trackify.TrackifyApplication.logStarting - Starting TrackifyApplication v1.0.0 using Java 22.0.2 with PID 14444 (Z:\TFG\github\Trackify-TFG\trackify\target\classes started by admin in Z:\TFG\github\Trackify-TFG\trackify)
2026-05-25 04:16:19.757 [restartedMain] INFO  c.e.trackify.TrackifyApplication.logStartupProfileInfo - The following 1 profile is active: "dev"
2026-05-25 04:16:19.821 [restartedMain] INFO  o.s.b.d.e.DevToolsPropertyDefaultsPostProcessor.log - Devtools property defaults active! Set 'spring.devtools.add-properties' to 'false' to disable
2026-05-25 04:16:19.821 [restartedMain] INFO  o.s.b.d.e.DevToolsPropertyDefaultsPostProcessor.log - For additional web related logging consider setting the 'logging.level.web' property to 'DEBUG'
2026-05-25 04:16:22.069 [restartedMain] WARN  o.s.b.w.s.s.c.AnnotationConfigServletWebServerApplicationContext.refresh - Exception encountered during context initialization - cancelling refresh attempt: java.lang.IllegalStateException: Error processing condition on org.springdoc.webmvc.ui.SwaggerConfig.swaggerWelcome
2026-05-25 04:16:22.075 [restartedMain] INFO  o.s.b.a.l.ConditionEvaluationReportLogger.logMessage - 

Error starting ApplicationContext. To display the condition evaluation report re-run your application with 'debug' enabled.
2026-05-25 04:16:22.100 [restartedMain] ERROR o.s.boot.SpringApplication.reportFailure - Application run failed
java.lang.IllegalStateException: Error processing condition on org.springdoc.webmvc.ui.SwaggerConfig.swaggerWelcome
	at org.springframework.boot.autoconfigure.condition.SpringBootCondition.matches(SpringBootCondition.java:60)
	at org.springframework.context.annotation.ConditionEvaluator.shouldSkip(ConditionEvaluator.java:100)
	at org.springframework.context.annotation.ConfigurationClassBeanDefinitionReader.loadBeanDefinitionsForBeanMethod(ConfigurationClassBeanDefinitionReader.java:196)
	at org.springframework.context.annotation.ConfigurationClassBeanDefinitionReader.loadBeanDefinitionsForConfigurationClass(ConfigurationClassBeanDefinitionReader.java:148)
	at org.springframework.context.annotation.ConfigurationClassBeanDefinitionReader.loadBeanDefinitions(ConfigurationClassBeanDefinitionReader.java:124)
	at org.springframework.context.annotation.ConfigurationClassPostProcessor.processConfigBeanDefinitions(ConfigurationClassPostProcessor.java:464)
	at org.springframework.context.annotation.ConfigurationClassPostProcessor.postProcessBeanDefinitionRegistry(ConfigurationClassPostProcessor.java:316)
	at org.springframework.context.support.PostProcessorRegistrationDelegate.invokeBeanDefinitionRegistryPostProcessors(PostProcessorRegistrationDelegate.java:349)
	at org.springframework.context.support.PostProcessorRegistrationDelegate.invokeBeanFactoryPostProcessors(PostProcessorRegistrationDelegate.java:118)
	at org.springframework.context.support.AbstractApplicationContext.invokeBeanFactoryPostProcessors(AbstractApplicationContext.java:795)
	at org.springframework.context.support.AbstractApplicationContext.refresh(AbstractApplicationContext.java:603)
	at org.springframework.boot.web.server.servlet.context.ServletWebServerApplicationContext.refresh(ServletWebServerApplicationContext.java:143)
	at org.springframework.boot.SpringApplication.refresh(SpringApplication.java:756)
	at org.springframework.boot.SpringApplication.refreshContext(SpringApplication.java:445)
	at org.springframework.boot.SpringApplication.run(SpringApplication.java:321)
	at org.springframework.boot.SpringApplication.run(SpringApplication.java:1365)
	at org.springframework.boot.SpringApplication.run(SpringApplication.java:1354)
	at com.example.trackify.TrackifyApplication.main(TrackifyApplication.java:10)
	at java.base/jdk.internal.reflect.DirectMethodHandleAccessor.invoke(DirectMethodHandleAccessor.java:103)
	at java.base/java.lang.reflect.Method.invoke(Method.java:580)
	at org.springframework.boot.devtools.restart.RestartLauncher.run(RestartLauncher.java:52)
Caused by: java.lang.IllegalStateException: @ConditionalOnMissingBean did not specify a bean using type, name or annotation and the attempt to deduce the bean's type failed
	at org.springframework.boot.autoconfigure.condition.OnBeanCondition$Spec.validate(OnBeanCondition.java:657)
	at org.springframework.boot.autoconfigure.condition.OnBeanCondition$Spec.<init>(OnBeanCondition.java:603)
	at org.springframework.boot.autoconfigure.condition.OnBeanCondition.getMatchOutcome(OnBeanCondition.java:147)
	at org.springframework.boot.autoconfigure.condition.SpringBootCondition.matches(SpringBootCondition.java:47)
	... 20 common frames omitted
Caused by: org.springframework.boot.autoconfigure.condition.OnBeanCondition$BeanTypeDeductionException: Failed to deduce bean type for org.springdoc.webmvc.ui.SwaggerConfig.swaggerWelcome
	at org.springframework.boot.autoconfigure.condition.OnBeanCondition$Spec.deducedBeanTypeForBeanMethod(OnBeanCondition.java:686)
	at org.springframework.boot.autoconfigure.condition.OnBeanCondition$Spec.deducedBeanType(OnBeanCondition.java:676)
	at org.springframework.boot.autoconfigure.condition.OnBeanCondition$Spec.<init>(OnBeanCondition.java:596)
	... 22 common frames omitted
Caused by: java.lang.IllegalStateException: Failed to introspect Class [org.springdoc.webmvc.ui.SwaggerConfig] from ClassLoader [jdk.internal.loader.ClassLoaders$AppClassLoader@76ed5528]
	at org.springframework.util.ReflectionUtils.getDeclaredMethods(ReflectionUtils.java:483)
	at org.springframework.util.ReflectionUtils.findMethod(ReflectionUtils.java:240)
	at org.springframework.util.ReflectionUtils.findMethod(ReflectionUtils.java:221)
	at org.springframework.boot.autoconfigure.condition.OnBeanCondition$Spec.findBeanMethod(OnBeanCondition.java:715)
	at org.springframework.boot.autoconfigure.condition.OnBeanCondition$Spec.getMethodReturnType(OnBeanCondition.java:710)
	at org.springframework.boot.autoconfigure.condition.OnBeanCondition$Spec.getReturnType(OnBeanCondition.java:694)
	at org.springframework.boot.autoconfigure.condition.OnBeanCondition$Spec.deducedBeanTypeForBeanMethod(OnBeanCondition.java:683)
	... 24 common frames omitted
Caused by: java.lang.NoClassDefFoundError: org/springframework/boot/autoconfigure/web/servlet/WebMvcProperties
	at java.base/java.lang.Class.getDeclaredMethods0(Native Method)
	at java.base/java.lang.Class.privateGetDeclaredMethods(Class.java:3601)
	at java.base/java.lang.Class.getDeclaredMethods(Class.java:2686)
	at org.springframework.util.ReflectionUtils.getDeclaredMethods(ReflectionUtils.java:465)
	... 30 common frames omitted
Caused by: java.lang.ClassNotFoundException: org.springframework.boot.autoconfigure.web.servlet.WebMvcProperties
	at java.base/jdk.internal.loader.BuiltinClassLoader.loadClass(BuiltinClassLoader.java:641)
	at java.base/jdk.internal.loader.ClassLoaders$AppClassLoader.loadClass(ClassLoaders.java:188)
	at java.base/java.lang.ClassLoader.loadClass(ClassLoader.java:525)
	... 34 common frames omitted
2026-05-25 04:18:22.841 [restartedMain] INFO  c.e.trackify.TrackifyApplication.logStarting - Starting TrackifyApplication v1.0.0 using Java 22.0.2 with PID 7036 (Z:\TFG\github\Trackify-TFG\trackify\target\classes started by admin in Z:\TFG\github\Trackify-TFG\trackify)
2026-05-25 04:18:22.845 [restartedMain] INFO  c.e.trackify.TrackifyApplication.logStartupProfileInfo - The following 1 profile is active: "dev"
2026-05-25 04:18:22.897 [restartedMain] INFO  o.s.b.d.e.DevToolsPropertyDefaultsPostProcessor.log - Devtools property defaults active! Set 'spring.devtools.add-properties' to 'false' to disable
2026-05-25 04:18:22.899 [restartedMain] INFO  o.s.b.d.e.DevToolsPropertyDefaultsPostProcessor.log - For additional web related logging consider setting the 'logging.level.web' property to 'DEBUG'
2026-05-25 04:18:23.768 [restartedMain] WARN  o.s.b.w.s.s.c.AnnotationConfigServletWebServerApplicationContext.refresh - Exception encountered during context initialization - cancelling refresh attempt: java.lang.IllegalStateException: Error processing condition on org.springdoc.webmvc.ui.SwaggerConfig.swaggerWelcome
2026-05-25 04:18:23.775 [restartedMain] INFO  o.s.b.a.l.ConditionEvaluationReportLogger.logMessage - 

Error starting ApplicationContext. To display the condition evaluation report re-run your application with 'debug' enabled.
2026-05-25 04:18:23.800 [restartedMain] ERROR o.s.boot.SpringApplication.reportFailure - Application run failed
java.lang.IllegalStateException: Error processing condition on org.springdoc.webmvc.ui.SwaggerConfig.swaggerWelcome
	at org.springframework.boot.autoconfigure.condition.SpringBootCondition.matches(SpringBootCondition.java:60)
	at org.springframework.context.annotation.ConditionEvaluator.shouldSkip(ConditionEvaluator.java:100)
	at org.springframework.context.annotation.ConfigurationClassBeanDefinitionReader.loadBeanDefinitionsForBeanMethod(ConfigurationClassBeanDefinitionReader.java:196)
	at org.springframework.context.annotation.ConfigurationClassBeanDefinitionReader.loadBeanDefinitionsForConfigurationClass(ConfigurationClassBeanDefinitionReader.java:148)
	at org.springframework.context.annotation.ConfigurationClassBeanDefinitionReader.loadBeanDefinitions(ConfigurationClassBeanDefinitionReader.java:124)
	at org.springframework.context.annotation.ConfigurationClassPostProcessor.processConfigBeanDefinitions(ConfigurationClassPostProcessor.java:464)
	at org.springframework.context.annotation.ConfigurationClassPostProcessor.postProcessBeanDefinitionRegistry(ConfigurationClassPostProcessor.java:316)
	at org.springframework.context.support.PostProcessorRegistrationDelegate.invokeBeanDefinitionRegistryPostProcessors(PostProcessorRegistrationDelegate.java:349)
	at org.springframework.context.support.PostProcessorRegistrationDelegate.invokeBeanFactoryPostProcessors(PostProcessorRegistrationDelegate.java:118)
	at org.springframework.context.support.AbstractApplicationContext.invokeBeanFactoryPostProcessors(AbstractApplicationContext.java:795)
	at org.springframework.context.support.AbstractApplicationContext.refresh(AbstractApplicationContext.java:603)
	at org.springframework.boot.web.server.servlet.context.ServletWebServerApplicationContext.refresh(ServletWebServerApplicationContext.java:143)
	at org.springframework.boot.SpringApplication.refresh(SpringApplication.java:756)
	at org.springframework.boot.SpringApplication.refreshContext(SpringApplication.java:445)
	at org.springframework.boot.SpringApplication.run(SpringApplication.java:321)
	at org.springframework.boot.SpringApplication.run(SpringApplication.java:1365)
	at org.springframework.boot.SpringApplication.run(SpringApplication.java:1354)
	at com.example.trackify.TrackifyApplication.main(TrackifyApplication.java:10)
	at java.base/jdk.internal.reflect.DirectMethodHandleAccessor.invoke(DirectMethodHandleAccessor.java:103)
	at java.base/java.lang.reflect.Method.invoke(Method.java:580)
	at org.springframework.boot.devtools.restart.RestartLauncher.run(RestartLauncher.java:52)
Caused by: java.lang.IllegalStateException: @ConditionalOnMissingBean did not specify a bean using type, name or annotation and the attempt to deduce the bean's type failed
	at org.springframework.boot.autoconfigure.condition.OnBeanCondition$Spec.validate(OnBeanCondition.java:657)
	at org.springframework.boot.autoconfigure.condition.OnBeanCondition$Spec.<init>(OnBeanCondition.java:603)
	at org.springframework.boot.autoconfigure.condition.OnBeanCondition.getMatchOutcome(OnBeanCondition.java:147)
	at org.springframework.boot.autoconfigure.condition.SpringBootCondition.matches(SpringBootCondition.java:47)
	... 20 common frames omitted
Caused by: org.springframework.boot.autoconfigure.condition.OnBeanCondition$BeanTypeDeductionException: Failed to deduce bean type for org.springdoc.webmvc.ui.SwaggerConfig.swaggerWelcome
	at org.springframework.boot.autoconfigure.condition.OnBeanCondition$Spec.deducedBeanTypeForBeanMethod(OnBeanCondition.java:686)
	at org.springframework.boot.autoconfigure.condition.OnBeanCondition$Spec.deducedBeanType(OnBeanCondition.java:676)
	at org.springframework.boot.autoconfigure.condition.OnBeanCondition$Spec.<init>(OnBeanCondition.java:596)
	... 22 common frames omitted
Caused by: java.lang.IllegalStateException: Failed to introspect Class [org.springdoc.webmvc.ui.SwaggerConfig] from ClassLoader [jdk.internal.loader.ClassLoaders$AppClassLoader@76ed5528]
	at org.springframework.util.ReflectionUtils.getDeclaredMethods(ReflectionUtils.java:483)
	at org.springframework.util.ReflectionUtils.findMethod(ReflectionUtils.java:240)
	at org.springframework.util.ReflectionUtils.findMethod(ReflectionUtils.java:221)
	at org.springframework.boot.autoconfigure.condition.OnBeanCondition$Spec.findBeanMethod(OnBeanCondition.java:715)
	at org.springframework.boot.autoconfigure.condition.OnBeanCondition$Spec.getMethodReturnType(OnBeanCondition.java:710)
	at org.springframework.boot.autoconfigure.condition.OnBeanCondition$Spec.getReturnType(OnBeanCondition.java:694)
	at org.springframework.boot.autoconfigure.condition.OnBeanCondition$Spec.deducedBeanTypeForBeanMethod(OnBeanCondition.java:683)
	... 24 common frames omitted
Caused by: java.lang.NoClassDefFoundError: org/springframework/boot/autoconfigure/web/servlet/WebMvcProperties
	at java.base/java.lang.Class.getDeclaredMethods0(Native Method)
	at java.base/java.lang.Class.privateGetDeclaredMethods(Class.java:3601)
	at java.base/java.lang.Class.getDeclaredMethods(Class.java:2686)
	at org.springframework.util.ReflectionUtils.getDeclaredMethods(ReflectionUtils.java:465)
	... 30 common frames omitted
Caused by: java.lang.ClassNotFoundException: org.springframework.boot.autoconfigure.web.servlet.WebMvcProperties
	at java.base/jdk.internal.loader.BuiltinClassLoader.loadClass(BuiltinClassLoader.java:641)
	at java.base/jdk.internal.loader.ClassLoaders$AppClassLoader.loadClass(ClassLoaders.java:188)
	at java.base/java.lang.ClassLoader.loadClass(ClassLoader.java:525)
	... 34 common frames omitted
2026-05-25 04:20:15.168 [restartedMain] INFO  c.e.trackify.TrackifyApplication.logStarting - Starting TrackifyApplication v1.0.0 using Java 22.0.2 with PID 5912 (Z:\TFG\github\Trackify-TFG\trackify\target\classes started by admin in Z:\TFG\github\Trackify-TFG\trackify)
2026-05-25 04:20:15.176 [restartedMain] INFO  c.e.trackify.TrackifyApplication.logStartupProfileInfo - The following 1 profile is active: "dev"
2026-05-25 04:20:15.231 [restartedMain] INFO  o.s.b.d.e.DevToolsPropertyDefaultsPostProcessor.log - Devtools property defaults active! Set 'spring.devtools.add-properties' to 'false' to disable
2026-05-25 04:20:15.232 [restartedMain] INFO  o.s.b.d.e.DevToolsPropertyDefaultsPostProcessor.log - For additional web related logging consider setting the 'logging.level.web' property to 'DEBUG'
2026-05-25 04:20:16.102 [restartedMain] WARN  o.s.b.w.s.s.c.AnnotationConfigServletWebServerApplicationContext.refresh - Exception encountered during context initialization - cancelling refresh attempt: java.lang.IllegalStateException: Error processing condition on org.springdoc.webmvc.ui.SwaggerConfig.swaggerWelcome
2026-05-25 04:20:16.108 [restartedMain] INFO  o.s.b.a.l.ConditionEvaluationReportLogger.logMessage - 

Error starting ApplicationContext. To display the condition evaluation report re-run your application with 'debug' enabled.
2026-05-25 04:20:16.131 [restartedMain] ERROR o.s.boot.SpringApplication.reportFailure - Application run failed
java.lang.IllegalStateException: Error processing condition on org.springdoc.webmvc.ui.SwaggerConfig.swaggerWelcome
	at org.springframework.boot.autoconfigure.condition.SpringBootCondition.matches(SpringBootCondition.java:60)
	at org.springframework.context.annotation.ConditionEvaluator.shouldSkip(ConditionEvaluator.java:100)
	at org.springframework.context.annotation.ConfigurationClassBeanDefinitionReader.loadBeanDefinitionsForBeanMethod(ConfigurationClassBeanDefinitionReader.java:196)
	at org.springframework.context.annotation.ConfigurationClassBeanDefinitionReader.loadBeanDefinitionsForConfigurationClass(ConfigurationClassBeanDefinitionReader.java:148)
	at org.springframework.context.annotation.ConfigurationClassBeanDefinitionReader.loadBeanDefinitions(ConfigurationClassBeanDefinitionReader.java:124)
	at org.springframework.context.annotation.ConfigurationClassPostProcessor.processConfigBeanDefinitions(ConfigurationClassPostProcessor.java:464)
	at org.springframework.context.annotation.ConfigurationClassPostProcessor.postProcessBeanDefinitionRegistry(ConfigurationClassPostProcessor.java:316)
	at org.springframework.context.support.PostProcessorRegistrationDelegate.invokeBeanDefinitionRegistryPostProcessors(PostProcessorRegistrationDelegate.java:349)
	at org.springframework.context.support.PostProcessorRegistrationDelegate.invokeBeanFactoryPostProcessors(PostProcessorRegistrationDelegate.java:118)
	at org.springframework.context.support.AbstractApplicationContext.invokeBeanFactoryPostProcessors(AbstractApplicationContext.java:795)
	at org.springframework.context.support.AbstractApplicationContext.refresh(AbstractApplicationContext.java:603)
	at org.springframework.boot.web.server.servlet.context.ServletWebServerApplicationContext.refresh(ServletWebServerApplicationContext.java:143)
	at org.springframework.boot.SpringApplication.refresh(SpringApplication.java:756)
	at org.springframework.boot.SpringApplication.refreshContext(SpringApplication.java:445)
	at org.springframework.boot.SpringApplication.run(SpringApplication.java:321)
	at org.springframework.boot.SpringApplication.run(SpringApplication.java:1365)
	at org.springframework.boot.SpringApplication.run(SpringApplication.java:1354)
	at com.example.trackify.TrackifyApplication.main(TrackifyApplication.java:10)
	at java.base/jdk.internal.reflect.DirectMethodHandleAccessor.invoke(DirectMethodHandleAccessor.java:103)
	at java.base/java.lang.reflect.Method.invoke(Method.java:580)
	at org.springframework.boot.devtools.restart.RestartLauncher.run(RestartLauncher.java:52)
Caused by: java.lang.IllegalStateException: @ConditionalOnMissingBean did not specify a bean using type, name or annotation and the attempt to deduce the bean's type failed
	at org.springframework.boot.autoconfigure.condition.OnBeanCondition$Spec.validate(OnBeanCondition.java:657)
	at org.springframework.boot.autoconfigure.condition.OnBeanCondition$Spec.<init>(OnBeanCondition.java:603)
	at org.springframework.boot.autoconfigure.condition.OnBeanCondition.getMatchOutcome(OnBeanCondition.java:147)
	at org.springframework.boot.autoconfigure.condition.SpringBootCondition.matches(SpringBootCondition.java:47)
	... 20 common frames omitted
Caused by: org.springframework.boot.autoconfigure.condition.OnBeanCondition$BeanTypeDeductionException: Failed to deduce bean type for org.springdoc.webmvc.ui.SwaggerConfig.swaggerWelcome
	at org.springframework.boot.autoconfigure.condition.OnBeanCondition$Spec.deducedBeanTypeForBeanMethod(OnBeanCondition.java:686)
	at org.springframework.boot.autoconfigure.condition.OnBeanCondition$Spec.deducedBeanType(OnBeanCondition.java:676)
	at org.springframework.boot.autoconfigure.condition.OnBeanCondition$Spec.<init>(OnBeanCondition.java:596)
	... 22 common frames omitted
Caused by: java.lang.IllegalStateException: Failed to introspect Class [org.springdoc.webmvc.ui.SwaggerConfig] from ClassLoader [jdk.internal.loader.ClassLoaders$AppClassLoader@76ed5528]
	at org.springframework.util.ReflectionUtils.getDeclaredMethods(ReflectionUtils.java:483)
	at org.springframework.util.ReflectionUtils.findMethod(ReflectionUtils.java:240)
	at org.springframework.util.ReflectionUtils.findMethod(ReflectionUtils.java:221)
	at org.springframework.boot.autoconfigure.condition.OnBeanCondition$Spec.findBeanMethod(OnBeanCondition.java:715)
	at org.springframework.boot.autoconfigure.condition.OnBeanCondition$Spec.getMethodReturnType(OnBeanCondition.java:710)
	at org.springframework.boot.autoconfigure.condition.OnBeanCondition$Spec.getReturnType(OnBeanCondition.java:694)
	at org.springframework.boot.autoconfigure.condition.OnBeanCondition$Spec.deducedBeanTypeForBeanMethod(OnBeanCondition.java:683)
	... 24 common frames omitted
Caused by: java.lang.NoClassDefFoundError: org/springframework/boot/autoconfigure/web/servlet/WebMvcProperties
	at java.base/java.lang.Class.getDeclaredMethods0(Native Method)
	at java.base/java.lang.Class.privateGetDeclaredMethods(Class.java:3601)
	at java.base/java.lang.Class.getDeclaredMethods(Class.java:2686)
	at org.springframework.util.ReflectionUtils.getDeclaredMethods(ReflectionUtils.java:465)
	... 30 common frames omitted
Caused by: java.lang.ClassNotFoundException: org.springframework.boot.autoconfigure.web.servlet.WebMvcProperties
	at java.base/jdk.internal.loader.BuiltinClassLoader.loadClass(BuiltinClassLoader.java:641)
	at java.base/jdk.internal.loader.ClassLoaders$AppClassLoader.loadClass(ClassLoaders.java:188)
	at java.base/java.lang.ClassLoader.loadClass(ClassLoader.java:525)
	... 34 common frames omitted
2026-05-25 04:21:25.816 [restartedMain] INFO  c.e.trackify.TrackifyApplication.logStarting - Starting TrackifyApplication v1.0.0 using Java 22.0.2 with PID 10664 (Z:\TFG\github\Trackify-TFG\trackify\target\classes started by admin in Z:\TFG\github\Trackify-TFG\trackify)
2026-05-25 04:21:25.819 [restartedMain] INFO  c.e.trackify.TrackifyApplication.logStartupProfileInfo - The following 1 profile is active: "dev"
2026-05-25 04:21:25.871 [restartedMain] INFO  o.s.b.d.e.DevToolsPropertyDefaultsPostProcessor.log - Devtools property defaults active! Set 'spring.devtools.add-properties' to 'false' to disable
2026-05-25 04:21:25.873 [restartedMain] INFO  o.s.b.d.e.DevToolsPropertyDefaultsPostProcessor.log - For additional web related logging consider setting the 'logging.level.web' property to 'DEBUG'
2026-05-25 04:21:26.740 [restartedMain] WARN  o.s.b.w.s.s.c.AnnotationConfigServletWebServerApplicationContext.refresh - Exception encountered during context initialization - cancelling refresh attempt: java.lang.IllegalStateException: Error processing condition on org.springdoc.webmvc.ui.SwaggerConfig.swaggerWelcome
2026-05-25 04:21:26.748 [restartedMain] INFO  o.s.b.a.l.ConditionEvaluationReportLogger.logMessage - 

Error starting ApplicationContext. To display the condition evaluation report re-run your application with 'debug' enabled.
2026-05-25 04:21:26.770 [restartedMain] ERROR o.s.boot.SpringApplication.reportFailure - Application run failed
java.lang.IllegalStateException: Error processing condition on org.springdoc.webmvc.ui.SwaggerConfig.swaggerWelcome
	at org.springframework.boot.autoconfigure.condition.SpringBootCondition.matches(SpringBootCondition.java:60)
	at org.springframework.context.annotation.ConditionEvaluator.shouldSkip(ConditionEvaluator.java:100)
	at org.springframework.context.annotation.ConfigurationClassBeanDefinitionReader.loadBeanDefinitionsForBeanMethod(ConfigurationClassBeanDefinitionReader.java:196)
	at org.springframework.context.annotation.ConfigurationClassBeanDefinitionReader.loadBeanDefinitionsForConfigurationClass(ConfigurationClassBeanDefinitionReader.java:148)
	at org.springframework.context.annotation.ConfigurationClassBeanDefinitionReader.loadBeanDefinitions(ConfigurationClassBeanDefinitionReader.java:124)
	at org.springframework.context.annotation.ConfigurationClassPostProcessor.processConfigBeanDefinitions(ConfigurationClassPostProcessor.java:464)
	at org.springframework.context.annotation.ConfigurationClassPostProcessor.postProcessBeanDefinitionRegistry(ConfigurationClassPostProcessor.java:316)
	at org.springframework.context.support.PostProcessorRegistrationDelegate.invokeBeanDefinitionRegistryPostProcessors(PostProcessorRegistrationDelegate.java:349)
	at org.springframework.context.support.PostProcessorRegistrationDelegate.invokeBeanFactoryPostProcessors(PostProcessorRegistrationDelegate.java:118)
	at org.springframework.context.support.AbstractApplicationContext.invokeBeanFactoryPostProcessors(AbstractApplicationContext.java:795)
	at org.springframework.context.support.AbstractApplicationContext.refresh(AbstractApplicationContext.java:603)
	at org.springframework.boot.web.server.servlet.context.ServletWebServerApplicationContext.refresh(ServletWebServerApplicationContext.java:143)
	at org.springframework.boot.SpringApplication.refresh(SpringApplication.java:756)
	at org.springframework.boot.SpringApplication.refreshContext(SpringApplication.java:445)
	at org.springframework.boot.SpringApplication.run(SpringApplication.java:321)
	at org.springframework.boot.SpringApplication.run(SpringApplication.java:1365)
	at org.springframework.boot.SpringApplication.run(SpringApplication.java:1354)
	at com.example.trackify.TrackifyApplication.main(TrackifyApplication.java:10)
	at java.base/jdk.internal.reflect.DirectMethodHandleAccessor.invoke(DirectMethodHandleAccessor.java:103)
	at java.base/java.lang.reflect.Method.invoke(Method.java:580)
	at org.springframework.boot.devtools.restart.RestartLauncher.run(RestartLauncher.java:52)
Caused by: java.lang.IllegalStateException: @ConditionalOnMissingBean did not specify a bean using type, name or annotation and the attempt to deduce the bean's type failed
	at org.springframework.boot.autoconfigure.condition.OnBeanCondition$Spec.validate(OnBeanCondition.java:657)
	at org.springframework.boot.autoconfigure.condition.OnBeanCondition$Spec.<init>(OnBeanCondition.java:603)
	at org.springframework.boot.autoconfigure.condition.OnBeanCondition.getMatchOutcome(OnBeanCondition.java:147)
	at org.springframework.boot.autoconfigure.condition.SpringBootCondition.matches(SpringBootCondition.java:47)
	... 20 common frames omitted
Caused by: org.springframework.boot.autoconfigure.condition.OnBeanCondition$BeanTypeDeductionException: Failed to deduce bean type for org.springdoc.webmvc.ui.SwaggerConfig.swaggerWelcome
	at org.springframework.boot.autoconfigure.condition.OnBeanCondition$Spec.deducedBeanTypeForBeanMethod(OnBeanCondition.java:686)
	at org.springframework.boot.autoconfigure.condition.OnBeanCondition$Spec.deducedBeanType(OnBeanCondition.java:676)
	at org.springframework.boot.autoconfigure.condition.OnBeanCondition$Spec.<init>(OnBeanCondition.java:596)
	... 22 common frames omitted
Caused by: java.lang.IllegalStateException: Failed to introspect Class [org.springdoc.webmvc.ui.SwaggerConfig] from ClassLoader [jdk.internal.loader.ClassLoaders$AppClassLoader@76ed5528]
	at org.springframework.util.ReflectionUtils.getDeclaredMethods(ReflectionUtils.java:483)
	at org.springframework.util.ReflectionUtils.findMethod(ReflectionUtils.java:240)
	at org.springframework.util.ReflectionUtils.findMethod(ReflectionUtils.java:221)
	at org.springframework.boot.autoconfigure.condition.OnBeanCondition$Spec.findBeanMethod(OnBeanCondition.java:715)
	at org.springframework.boot.autoconfigure.condition.OnBeanCondition$Spec.getMethodReturnType(OnBeanCondition.java:710)
	at org.springframework.boot.autoconfigure.condition.OnBeanCondition$Spec.getReturnType(OnBeanCondition.java:694)
	at org.springframework.boot.autoconfigure.condition.OnBeanCondition$Spec.deducedBeanTypeForBeanMethod(OnBeanCondition.java:683)
	... 24 common frames omitted
Caused by: java.lang.NoClassDefFoundError: org/springframework/boot/autoconfigure/web/servlet/WebMvcProperties
	at java.base/java.lang.Class.getDeclaredMethods0(Native Method)
	at java.base/java.lang.Class.privateGetDeclaredMethods(Class.java:3601)
	at java.base/java.lang.Class.getDeclaredMethods(Class.java:2686)
	at org.springframework.util.ReflectionUtils.getDeclaredMethods(ReflectionUtils.java:465)
	... 30 common frames omitted
Caused by: java.lang.ClassNotFoundException: org.springframework.boot.autoconfigure.web.servlet.WebMvcProperties
	at java.base/jdk.internal.loader.BuiltinClassLoader.loadClass(BuiltinClassLoader.java:641)
	at java.base/jdk.internal.loader.ClassLoaders$AppClassLoader.loadClass(ClassLoaders.java:188)
	at java.base/java.lang.ClassLoader.loadClass(ClassLoader.java:525)
	... 34 common frames omitted
2026-05-25 04:40:34.764 [restartedMain] INFO  c.e.trackify.TrackifyApplication.logStarting - Starting TrackifyApplication v1.0.0 using Java 22.0.2 with PID 1920 (Z:\TFG\github\Trackify-TFG\trackify\target\classes started by admin in Z:\TFG\github\Trackify-TFG\trackify)
2026-05-25 04:40:34.768 [restartedMain] INFO  c.e.trackify.TrackifyApplication.logStartupProfileInfo - The following 1 profile is active: "dev"
2026-05-25 04:40:34.821 [restartedMain] INFO  o.s.b.d.e.DevToolsPropertyDefaultsPostProcessor.log - Devtools property defaults active! Set 'spring.devtools.add-properties' to 'false' to disable
2026-05-25 04:40:34.822 [restartedMain] INFO  o.s.b.d.e.DevToolsPropertyDefaultsPostProcessor.log - For additional web related logging consider setting the 'logging.level.web' property to 'DEBUG'
2026-05-25 04:40:35.667 [restartedMain] INFO  o.s.d.r.c.RepositoryConfigurationDelegate.registerRepositoriesIn - Bootstrapping Spring Data JPA repositories in DEFAULT mode.
2026-05-25 04:40:35.751 [restartedMain] INFO  o.s.d.r.c.RepositoryConfigurationDelegate.registerRepositoriesIn - Finished Spring Data repository scanning in 72 ms. Found 6 JPA repository interfaces.
2026-05-25 04:40:36.430 [restartedMain] INFO  o.s.boot.tomcat.TomcatWebServer.initialize - Tomcat initialized with port 8080 (http)
2026-05-25 04:40:36.449 [restartedMain] INFO  o.a.catalina.core.StandardService.log - Starting service [Tomcat]
2026-05-25 04:40:36.450 [restartedMain] INFO  o.a.catalina.core.StandardEngine.log - Starting Servlet engine: [Apache Tomcat/11.0.21]
2026-05-25 04:40:36.524 [restartedMain] INFO  o.s.b.w.c.s.WebApplicationContextInitializer.prepareWebApplicationContext - Root WebApplicationContext: initialization completed in 1700 ms
2026-05-25 04:40:36.758 [restartedMain] INFO  org.hibernate.orm.jpa.logPersistenceUnitInformation - HHH008540: Processing PersistenceUnitInfo [name: default]
2026-05-25 04:40:36.833 [restartedMain] INFO  org.hibernate.orm.core.logVersion - HHH000001: Hibernate ORM core version 7.2.12.Final
2026-05-25 04:40:37.475 [restartedMain] INFO  o.s.o.j.p.SpringPersistenceUnitInfo.addTransformer - No LoadTimeWeaver setup: ignoring JPA class transformer
2026-05-25 04:40:37.520 [restartedMain] INFO  com.zaxxer.hikari.HikariDataSource.getConnection - HikariPool-1 - Starting...
2026-05-25 04:40:37.638 [restartedMain] INFO  com.zaxxer.hikari.pool.HikariPool.checkFailFast - HikariPool-1 - Added connection org.mariadb.jdbc.Connection@23681712
2026-05-25 04:40:37.640 [restartedMain] INFO  com.zaxxer.hikari.HikariDataSource.getConnection - HikariPool-1 - Start completed.
2026-05-25 04:40:37.733 [restartedMain] INFO  o.hibernate.orm.connections.pooling.logConnectionInfo - HHH10001005: Database info:
	Database JDBC URL [jdbc:mariadb://localhost:3307/trackify?user=david&password=***]
	Database driver: MariaDB Connector/J
	Database dialect: MariaDBDialect
	Database version: 12.2.2
	Default catalog/schema: trackify/undefined
	Autocommit mode: undefined/unknown
	Isolation level: REPEATABLE_READ [default REPEATABLE_READ]
	JDBC fetch size: none
	Pool: DataSourceConnectionProvider
	Minimum pool size: undefined/unknown
	Maximum pool size: undefined/unknown
2026-05-25 04:40:39.330 [restartedMain] INFO  org.hibernate.orm.core.initiateService - HHH000489: No JTA platform available (set 'hibernate.transaction.jta.platform' to enable JTA platform integration)
2026-05-25 04:40:39.394 [restartedMain] INFO  o.s.o.j.LocalContainerEntityManagerFactoryBean.buildNativeEntityManagerFactory - Initialized JPA EntityManagerFactory for persistence unit 'default'
2026-05-25 04:40:39.633 [restartedMain] INFO  o.f.c.i.r.ResourceNameValidator.info - 2 SQL migrations were detected but not run because they did not follow the filename convention.
2026-05-25 04:40:39.634 [restartedMain] INFO  o.f.c.i.r.ResourceNameValidator.info - Set 'validateMigrationNaming' to true to fail fast and see a list of the invalid file names.
2026-05-25 04:40:39.639 [restartedMain] WARN  o.m.jdbc.message.server.ErrorPacket.warn - Error: 1193-HY000: Unknown system variable 'WSREP_ON'
2026-05-25 04:40:39.656 [restartedMain] INFO  org.flywaydb.core.FlywayExecutor.info - Database: jdbc:mariadb://localhost:3307/trackify?user=david&password=******** (MariaDB 12.2)
2026-05-25 04:40:39.663 [restartedMain] WARN  o.f.c.i.database.base.Database.warn - Using MariaDB 12.2 which is newer than the version Flyway has been verified with. The latest verified version of MariaDB is 11.7.
2026-05-25 04:40:39.681 [restartedMain] INFO  o.f.c.i.s.JdbcTableSchemaHistory.info - Repair of failed migration in Schema History table `trackify`.`flyway_schema_history` not necessary as table doesn't exist.
2026-05-25 04:40:39.686 [restartedMain] INFO  o.f.c.i.s.JdbcTableSchemaHistory.info - Schema history table `trackify`.`flyway_schema_history` does not exist yet
2026-05-25 04:40:39.689 [restartedMain] INFO  o.f.core.internal.command.DbRepair.info - Successfully repaired schema history table `trackify`.`flyway_schema_history` (execution time 00:00.011s).
2026-05-25 04:40:39.697 [restartedMain] INFO  o.f.c.i.r.ResourceNameValidator.info - 2 SQL migrations were detected but not run because they did not follow the filename convention.
2026-05-25 04:40:39.697 [restartedMain] INFO  o.f.c.i.r.ResourceNameValidator.info - Set 'validateMigrationNaming' to true to fail fast and see a list of the invalid file names.
2026-05-25 04:40:39.697 [restartedMain] WARN  o.m.jdbc.message.server.ErrorPacket.warn - Error: 1193-HY000: Unknown system variable 'WSREP_ON'
2026-05-25 04:40:39.704 [restartedMain] WARN  o.f.c.i.database.base.Database.warn - Using MariaDB 12.2 which is newer than the version Flyway has been verified with. The latest verified version of MariaDB is 11.7.
2026-05-25 04:40:39.709 [restartedMain] INFO  o.f.c.i.s.JdbcTableSchemaHistory.info - Schema history table `trackify`.`flyway_schema_history` does not exist yet
2026-05-25 04:40:39.709 [restartedMain] INFO  o.f.core.internal.command.DbValidate.info - Successfully validated 0 migrations (execution time 00:00.002s)
2026-05-25 04:40:39.710 [restartedMain] WARN  o.f.core.internal.command.DbValidate.warn - No migrations found. Are your locations set up correctly?
2026-05-25 04:40:39.756 [restartedMain] INFO  o.f.c.i.s.JdbcTableSchemaHistory.info - Creating Schema History table `trackify`.`flyway_schema_history` with baseline ...
2026-05-25 04:40:39.815 [restartedMain] INFO  o.f.core.internal.command.DbBaseline.info - Successfully baselined schema with version: 1
2026-05-25 04:40:39.834 [restartedMain] INFO  o.f.core.internal.command.DbMigrate.info - Current version of schema `trackify`: 1
2026-05-25 04:40:39.839 [restartedMain] INFO  o.f.core.internal.command.DbMigrate.info - Schema `trackify` is up to date. No migration necessary.
2026-05-25 04:40:39.846 [restartedMain] INFO  o.f.c.i.r.ResourceNameValidator.info - 2 SQL migrations were detected but not run because they did not follow the filename convention.
2026-05-25 04:40:39.846 [restartedMain] INFO  o.f.c.i.r.ResourceNameValidator.info - Set 'validateMigrationNaming' to true to fail fast and see a list of the invalid file names.
2026-05-25 04:40:39.847 [restartedMain] WARN  o.m.jdbc.message.server.ErrorPacket.warn - Error: 1193-HY000: Unknown system variable 'WSREP_ON'
2026-05-25 04:40:39.853 [restartedMain] WARN  o.f.c.i.database.base.Database.warn - Using MariaDB 12.2 which is newer than the version Flyway has been verified with. The latest verified version of MariaDB is 11.7.
2026-05-25 04:40:39.859 [restartedMain] INFO  o.f.core.internal.command.DbValidate.info - Successfully validated 1 migration (execution time 00:00.003s)
2026-05-25 04:40:39.863 [restartedMain] INFO  o.f.core.internal.command.DbMigrate.info - Current version of schema `trackify`: 1
2026-05-25 04:40:39.864 [restartedMain] INFO  o.f.core.internal.command.DbMigrate.info - Schema `trackify` is up to date. No migration necessary.
2026-05-25 04:40:39.998 [restartedMain] WARN  o.s.b.j.a.JpaBaseConfiguration$JpaWebConfiguration.openEntityManagerInViewInterceptor - spring.jpa.open-in-view is enabled by default. Therefore, database queries may be performed during view rendering. Explicitly configure spring.jpa.open-in-view to disable this warning
2026-05-25 04:40:40.095 [restartedMain] INFO  o.s.d.j.r.q.QueryEnhancerFactories.<clinit> - Hibernate is in classpath; If applicable, HQL parser will be used.
2026-05-25 04:40:40.968 [restartedMain] WARN  o.s.b.s.a.UserDetailsServiceAutoConfiguration.getOrDeducePassword - 

Using generated security password: 2a252e1a-b945-4409-b5e2-d81072677cfe

This generated password is for development use only. Your security configuration must be updated before running your application in production.

2026-05-25 04:40:41.032 [restartedMain] INFO  o.s.s.c.a.a.c.InitializeUserDetailsBeanManagerConfigurer$InitializeUserDetailsManagerConfigurer.configure - Global AuthenticationManager configured with UserDetailsService bean with name inMemoryUserDetailsManager
2026-05-25 04:40:42.030 [restartedMain] INFO  o.s.boot.tomcat.TomcatWebServer.start - Tomcat started on port 8080 (http) with context path '/'
2026-05-25 04:40:42.037 [restartedMain] INFO  c.e.trackify.TrackifyApplication.logStarted - Started TrackifyApplication in 7.984 seconds (process running for 8.957)
2026-05-25 04:40:54.259 [SpringApplicationShutdownHook] INFO  o.s.boot.tomcat.GracefulShutdown.shutDownGracefully - Commencing graceful shutdown. Waiting for active requests to complete
2026-05-25 04:40:54.263 [tomcat-shutdown] INFO  o.s.boot.tomcat.GracefulShutdown.doShutdown - Graceful shutdown complete
2026-05-25 04:40:54.269 [SpringApplicationShutdownHook] INFO  o.s.o.j.LocalContainerEntityManagerFactoryBean.destroy - Closing JPA EntityManagerFactory for persistence unit 'default'
2026-05-25 04:40:54.274 [SpringApplicationShutdownHook] INFO  com.zaxxer.hikari.HikariDataSource.close - HikariPool-1 - Shutdown initiated...
2026-05-25 04:40:54.278 [SpringApplicationShutdownHook] INFO  com.zaxxer.hikari.HikariDataSource.close - HikariPool-1 - Shutdown completed.
2026-05-25 04:41:45.386 [restartedMain] INFO  c.e.trackify.TrackifyApplication.logStarting - Starting TrackifyApplication v1.0.0 using Java 22.0.2 with PID 5596 (Z:\TFG\github\Trackify-TFG\trackify\target\classes started by admin in Z:\TFG\github\Trackify-TFG\trackify)
2026-05-25 04:41:45.389 [restartedMain] INFO  c.e.trackify.TrackifyApplication.logStartupProfileInfo - The following 1 profile is active: "dev"
2026-05-25 04:41:45.444 [restartedMain] INFO  o.s.b.d.e.DevToolsPropertyDefaultsPostProcessor.log - Devtools property defaults active! Set 'spring.devtools.add-properties' to 'false' to disable
2026-05-25 04:41:45.444 [restartedMain] INFO  o.s.b.d.e.DevToolsPropertyDefaultsPostProcessor.log - For additional web related logging consider setting the 'logging.level.web' property to 'DEBUG'
2026-05-25 04:41:46.259 [restartedMain] INFO  o.s.d.r.c.RepositoryConfigurationDelegate.registerRepositoriesIn - Bootstrapping Spring Data JPA repositories in DEFAULT mode.
2026-05-25 04:41:46.344 [restartedMain] INFO  o.s.d.r.c.RepositoryConfigurationDelegate.registerRepositoriesIn - Finished Spring Data repository scanning in 74 ms. Found 6 JPA repository interfaces.
2026-05-25 04:41:46.995 [restartedMain] INFO  o.s.boot.tomcat.TomcatWebServer.initialize - Tomcat initialized with port 8080 (http)
2026-05-25 04:41:47.010 [restartedMain] INFO  o.a.catalina.core.StandardService.log - Starting service [Tomcat]
2026-05-25 04:41:47.011 [restartedMain] INFO  o.a.catalina.core.StandardEngine.log - Starting Servlet engine: [Apache Tomcat/11.0.21]
2026-05-25 04:41:47.075 [restartedMain] INFO  o.s.b.w.c.s.WebApplicationContextInitializer.prepareWebApplicationContext - Root WebApplicationContext: initialization completed in 1630 ms
2026-05-25 04:41:47.291 [restartedMain] INFO  org.hibernate.orm.jpa.logPersistenceUnitInformation - HHH008540: Processing PersistenceUnitInfo [name: default]
2026-05-25 04:41:47.354 [restartedMain] INFO  org.hibernate.orm.core.logVersion - HHH000001: Hibernate ORM core version 7.2.12.Final
2026-05-25 04:41:47.923 [restartedMain] INFO  o.s.o.j.p.SpringPersistenceUnitInfo.addTransformer - No LoadTimeWeaver setup: ignoring JPA class transformer
2026-05-25 04:41:47.964 [restartedMain] INFO  com.zaxxer.hikari.HikariDataSource.getConnection - HikariPool-1 - Starting...
2026-05-25 04:41:48.063 [restartedMain] INFO  com.zaxxer.hikari.pool.HikariPool.checkFailFast - HikariPool-1 - Added connection org.mariadb.jdbc.Connection@659fda6d
2026-05-25 04:41:48.065 [restartedMain] INFO  com.zaxxer.hikari.HikariDataSource.getConnection - HikariPool-1 - Start completed.
2026-05-25 04:41:48.144 [restartedMain] INFO  o.hibernate.orm.connections.pooling.logConnectionInfo - HHH10001005: Database info:
	Database JDBC URL [jdbc:mariadb://localhost:3307/trackify?user=david&password=***]
	Database driver: MariaDB Connector/J
	Database dialect: MariaDBDialect
	Database version: 12.2.2
	Default catalog/schema: trackify/undefined
	Autocommit mode: undefined/unknown
	Isolation level: REPEATABLE_READ [default REPEATABLE_READ]
	JDBC fetch size: none
	Pool: DataSourceConnectionProvider
	Minimum pool size: undefined/unknown
	Maximum pool size: undefined/unknown
2026-05-25 04:41:49.616 [restartedMain] INFO  org.hibernate.orm.core.initiateService - HHH000489: No JTA platform available (set 'hibernate.transaction.jta.platform' to enable JTA platform integration)
2026-05-25 04:41:49.672 [restartedMain] INFO  o.s.o.j.LocalContainerEntityManagerFactoryBean.buildNativeEntityManagerFactory - Initialized JPA EntityManagerFactory for persistence unit 'default'
2026-05-25 04:41:49.764 [restartedMain] INFO  o.s.d.j.r.q.QueryEnhancerFactories.<clinit> - Hibernate is in classpath; If applicable, HQL parser will be used.
2026-05-25 04:41:50.194 [restartedMain] INFO  o.f.c.i.r.ResourceNameValidator.info - 2 SQL migrations were detected but not run because they did not follow the filename convention.
2026-05-25 04:41:50.194 [restartedMain] INFO  o.f.c.i.r.ResourceNameValidator.info - Set 'validateMigrationNaming' to true to fail fast and see a list of the invalid file names.
2026-05-25 04:41:50.199 [restartedMain] WARN  o.m.jdbc.message.server.ErrorPacket.warn - Error: 1193-HY000: Unknown system variable 'WSREP_ON'
2026-05-25 04:41:50.217 [restartedMain] INFO  org.flywaydb.core.FlywayExecutor.info - Database: jdbc:mariadb://localhost:3307/trackify?user=david&password=******** (MariaDB 12.2)
2026-05-25 04:41:50.223 [restartedMain] WARN  o.f.c.i.database.base.Database.warn - Using MariaDB 12.2 which is newer than the version Flyway has been verified with. The latest verified version of MariaDB is 11.7.
2026-05-25 04:41:50.250 [restartedMain] INFO  o.f.c.i.s.JdbcTableSchemaHistory.info - Repair of failed migration in Schema History table `trackify`.`flyway_schema_history` not necessary. No failed migration detected.
2026-05-25 04:41:50.258 [restartedMain] INFO  o.f.core.internal.command.DbRepair.info - Successfully repaired schema history table `trackify`.`flyway_schema_history` (execution time 00:00.019s).
2026-05-25 04:41:50.265 [restartedMain] INFO  o.f.c.i.r.ResourceNameValidator.info - 2 SQL migrations were detected but not run because they did not follow the filename convention.
2026-05-25 04:41:50.265 [restartedMain] INFO  o.f.c.i.r.ResourceNameValidator.info - Set 'validateMigrationNaming' to true to fail fast and see a list of the invalid file names.
2026-05-25 04:41:50.266 [restartedMain] WARN  o.m.jdbc.message.server.ErrorPacket.warn - Error: 1193-HY000: Unknown system variable 'WSREP_ON'
2026-05-25 04:41:50.273 [restartedMain] WARN  o.f.c.i.database.base.Database.warn - Using MariaDB 12.2 which is newer than the version Flyway has been verified with. The latest verified version of MariaDB is 11.7.
2026-05-25 04:41:50.281 [restartedMain] INFO  o.f.core.internal.command.DbValidate.info - Successfully validated 1 migration (execution time 00:00.003s)
2026-05-25 04:41:50.290 [restartedMain] INFO  o.f.core.internal.command.DbMigrate.info - Current version of schema `trackify`: 1
2026-05-25 04:41:50.293 [restartedMain] INFO  o.f.core.internal.command.DbMigrate.info - Schema `trackify` is up to date. No migration necessary.
2026-05-25 04:41:50.299 [restartedMain] INFO  o.f.c.i.r.ResourceNameValidator.info - 2 SQL migrations were detected but not run because they did not follow the filename convention.
2026-05-25 04:41:50.299 [restartedMain] INFO  o.f.c.i.r.ResourceNameValidator.info - Set 'validateMigrationNaming' to true to fail fast and see a list of the invalid file names.
2026-05-25 04:41:50.299 [restartedMain] WARN  o.m.jdbc.message.server.ErrorPacket.warn - Error: 1193-HY000: Unknown system variable 'WSREP_ON'
2026-05-25 04:41:50.307 [restartedMain] WARN  o.f.c.i.database.base.Database.warn - Using MariaDB 12.2 which is newer than the version Flyway has been verified with. The latest verified version of MariaDB is 11.7.
2026-05-25 04:41:50.312 [restartedMain] INFO  o.f.core.internal.command.DbValidate.info - Successfully validated 1 migration (execution time 00:00.003s)
2026-05-25 04:41:50.316 [restartedMain] INFO  o.f.core.internal.command.DbMigrate.info - Current version of schema `trackify`: 1
2026-05-25 04:41:50.316 [restartedMain] INFO  o.f.core.internal.command.DbMigrate.info - Schema `trackify` is up to date. No migration necessary.
2026-05-25 04:41:50.438 [restartedMain] WARN  o.s.b.j.a.JpaBaseConfiguration$JpaWebConfiguration.openEntityManagerInViewInterceptor - spring.jpa.open-in-view is enabled by default. Therefore, database queries may be performed during view rendering. Explicitly configure spring.jpa.open-in-view to disable this warning
2026-05-25 04:41:51.054 [restartedMain] WARN  o.s.b.s.a.UserDetailsServiceAutoConfiguration.getOrDeducePassword - 

Using generated security password: 8c5fb73f-fc11-4d51-8ee9-563f65363fd2

This generated password is for development use only. Your security configuration must be updated before running your application in production.

2026-05-25 04:41:51.102 [restartedMain] INFO  o.s.s.c.a.a.c.InitializeUserDetailsBeanManagerConfigurer$InitializeUserDetailsManagerConfigurer.configure - Global AuthenticationManager configured with UserDetailsService bean with name inMemoryUserDetailsManager
2026-05-25 04:41:52.024 [restartedMain] INFO  o.s.boot.tomcat.TomcatWebServer.start - Tomcat started on port 8080 (http) with context path '/'
2026-05-25 04:41:52.031 [restartedMain] INFO  c.e.trackify.TrackifyApplication.logStarted - Started TrackifyApplication in 7.353 seconds (process running for 8.316)
2026-05-25 04:41:52.036 [restartedMain] INFO  c.e.trackify.config.DatosIniciales.run - Iniciando insercion de datos iniciales...
2026-05-25 04:41:52.686 [restartedMain] INFO  c.e.trackify.config.DatosIniciales.crearGeneroSiNoExiste - Género añadido: Acción
2026-05-25 04:41:52.691 [restartedMain] INFO  c.e.trackify.config.DatosIniciales.crearGeneroSiNoExiste - Género añadido: Drama
2026-05-25 04:41:52.694 [restartedMain] INFO  c.e.trackify.config.DatosIniciales.crearGeneroSiNoExiste - Género añadido: Terror
2026-05-25 04:41:52.697 [restartedMain] INFO  c.e.trackify.config.DatosIniciales.crearGeneroSiNoExiste - Género añadido: Comedia
2026-05-25 04:41:52.702 [restartedMain] INFO  c.e.trackify.config.DatosIniciales.crearTipoSiNoExiste - Tipo añadido: Película
2026-05-25 04:41:52.706 [restartedMain] INFO  c.e.trackify.config.DatosIniciales.crearTipoSiNoExiste - Tipo añadido: Serie
2026-05-25 04:41:52.709 [restartedMain] INFO  c.e.trackify.config.DatosIniciales.crearTipoSiNoExiste - Tipo añadido: Videojuego
2026-05-25 04:41:52.714 [restartedMain] INFO  c.e.trackify.config.DatosIniciales.crearEstadoSiNoExiste - Estado añadido: Visto
2026-05-25 04:41:52.717 [restartedMain] INFO  c.e.trackify.config.DatosIniciales.crearEstadoSiNoExiste - Estado añadido: Pendiente
2026-05-25 04:41:52.720 [restartedMain] INFO  c.e.trackify.config.DatosIniciales.crearEstadoSiNoExiste - Estado añadido: No ver
2026-05-25 04:41:52.720 [restartedMain] INFO  c.e.trackify.config.DatosIniciales.run - Insercion de datos iniciales finalizada
2026-05-25 04:43:20.011 [SpringApplicationShutdownHook] INFO  o.s.boot.tomcat.GracefulShutdown.shutDownGracefully - Commencing graceful shutdown. Waiting for active requests to complete
2026-05-25 04:43:20.016 [tomcat-shutdown] INFO  o.s.boot.tomcat.GracefulShutdown.doShutdown - Graceful shutdown complete
2026-05-25 04:43:20.023 [SpringApplicationShutdownHook] INFO  o.s.o.j.LocalContainerEntityManagerFactoryBean.destroy - Closing JPA EntityManagerFactory for persistence unit 'default'
2026-05-25 04:43:20.027 [SpringApplicationShutdownHook] INFO  com.zaxxer.hikari.HikariDataSource.close - HikariPool-1 - Shutdown initiated...
2026-05-25 04:43:20.030 [SpringApplicationShutdownHook] INFO  com.zaxxer.hikari.HikariDataSource.close - HikariPool-1 - Shutdown completed.
2026-05-25 04:43:22.574 [restartedMain] INFO  c.e.trackify.TrackifyApplication.logStarting - Starting TrackifyApplication v1.0.0 using Java 22.0.2 with PID 2444 (Z:\TFG\github\Trackify-TFG\trackify\target\classes started by admin in Z:\TFG\github\Trackify-TFG\trackify)
2026-05-25 04:43:22.578 [restartedMain] INFO  c.e.trackify.TrackifyApplication.logStartupProfileInfo - The following 1 profile is active: "dev"
2026-05-25 04:43:22.635 [restartedMain] INFO  o.s.b.d.e.DevToolsPropertyDefaultsPostProcessor.log - Devtools property defaults active! Set 'spring.devtools.add-properties' to 'false' to disable
2026-05-25 04:43:22.635 [restartedMain] INFO  o.s.b.d.e.DevToolsPropertyDefaultsPostProcessor.log - For additional web related logging consider setting the 'logging.level.web' property to 'DEBUG'
2026-05-25 04:43:23.466 [restartedMain] INFO  o.s.d.r.c.RepositoryConfigurationDelegate.registerRepositoriesIn - Bootstrapping Spring Data JPA repositories in DEFAULT mode.
2026-05-25 04:43:23.553 [restartedMain] INFO  o.s.d.r.c.RepositoryConfigurationDelegate.registerRepositoriesIn - Finished Spring Data repository scanning in 74 ms. Found 6 JPA repository interfaces.
2026-05-25 04:43:24.197 [restartedMain] INFO  o.s.boot.tomcat.TomcatWebServer.initialize - Tomcat initialized with port 8080 (http)
2026-05-25 04:43:24.212 [restartedMain] INFO  o.a.catalina.core.StandardService.log - Starting service [Tomcat]
2026-05-25 04:43:24.212 [restartedMain] INFO  o.a.catalina.core.StandardEngine.log - Starting Servlet engine: [Apache Tomcat/11.0.21]
2026-05-25 04:43:24.280 [restartedMain] INFO  o.s.b.w.c.s.WebApplicationContextInitializer.prepareWebApplicationContext - Root WebApplicationContext: initialization completed in 1643 ms
2026-05-25 04:43:24.506 [restartedMain] INFO  org.hibernate.orm.jpa.logPersistenceUnitInformation - HHH008540: Processing PersistenceUnitInfo [name: default]
2026-05-25 04:43:24.565 [restartedMain] INFO  org.hibernate.orm.core.logVersion - HHH000001: Hibernate ORM core version 7.2.12.Final
2026-05-25 04:43:25.155 [restartedMain] INFO  o.s.o.j.p.SpringPersistenceUnitInfo.addTransformer - No LoadTimeWeaver setup: ignoring JPA class transformer
2026-05-25 04:43:25.190 [restartedMain] INFO  com.zaxxer.hikari.HikariDataSource.getConnection - HikariPool-1 - Starting...
2026-05-25 04:43:25.289 [restartedMain] INFO  com.zaxxer.hikari.pool.HikariPool.checkFailFast - HikariPool-1 - Added connection org.mariadb.jdbc.Connection@460b26a9
2026-05-25 04:43:25.290 [restartedMain] INFO  com.zaxxer.hikari.HikariDataSource.getConnection - HikariPool-1 - Start completed.
2026-05-25 04:43:25.356 [restartedMain] INFO  o.hibernate.orm.connections.pooling.logConnectionInfo - HHH10001005: Database info:
	Database JDBC URL [jdbc:mariadb://localhost:3307/trackify?user=david&password=***]
	Database driver: MariaDB Connector/J
	Database dialect: MariaDBDialect
	Database version: 12.2.2
	Default catalog/schema: trackify/undefined
	Autocommit mode: undefined/unknown
	Isolation level: REPEATABLE_READ [default REPEATABLE_READ]
	JDBC fetch size: none
	Pool: DataSourceConnectionProvider
	Minimum pool size: undefined/unknown
	Maximum pool size: undefined/unknown
2026-05-25 04:43:26.855 [restartedMain] INFO  org.hibernate.orm.core.initiateService - HHH000489: No JTA platform available (set 'hibernate.transaction.jta.platform' to enable JTA platform integration)
2026-05-25 04:43:26.913 [restartedMain] INFO  o.s.o.j.LocalContainerEntityManagerFactoryBean.buildNativeEntityManagerFactory - Initialized JPA EntityManagerFactory for persistence unit 'default'
2026-05-25 04:43:27.003 [restartedMain] INFO  o.s.d.j.r.q.QueryEnhancerFactories.<clinit> - Hibernate is in classpath; If applicable, HQL parser will be used.
2026-05-25 04:43:27.471 [restartedMain] INFO  o.f.c.i.r.ResourceNameValidator.info - 2 SQL migrations were detected but not run because they did not follow the filename convention.
2026-05-25 04:43:27.471 [restartedMain] INFO  o.f.c.i.r.ResourceNameValidator.info - Set 'validateMigrationNaming' to true to fail fast and see a list of the invalid file names.
2026-05-25 04:43:27.478 [restartedMain] WARN  o.m.jdbc.message.server.ErrorPacket.warn - Error: 1193-HY000: Unknown system variable 'WSREP_ON'
2026-05-25 04:43:27.494 [restartedMain] INFO  org.flywaydb.core.FlywayExecutor.info - Database: jdbc:mariadb://localhost:3307/trackify?user=david&password=******** (MariaDB 12.2)
2026-05-25 04:43:27.502 [restartedMain] WARN  o.f.c.i.database.base.Database.warn - Using MariaDB 12.2 which is newer than the version Flyway has been verified with. The latest verified version of MariaDB is 11.7.
2026-05-25 04:43:27.532 [restartedMain] INFO  o.f.c.i.s.JdbcTableSchemaHistory.info - Repair of failed migration in Schema History table `trackify`.`flyway_schema_history` not necessary. No failed migration detected.
2026-05-25 04:43:27.540 [restartedMain] INFO  o.f.core.internal.command.DbRepair.info - Successfully repaired schema history table `trackify`.`flyway_schema_history` (execution time 00:00.022s).
2026-05-25 04:43:27.548 [restartedMain] INFO  o.f.c.i.r.ResourceNameValidator.info - 2 SQL migrations were detected but not run because they did not follow the filename convention.
2026-05-25 04:43:27.548 [restartedMain] INFO  o.f.c.i.r.ResourceNameValidator.info - Set 'validateMigrationNaming' to true to fail fast and see a list of the invalid file names.
2026-05-25 04:43:27.549 [restartedMain] WARN  o.m.jdbc.message.server.ErrorPacket.warn - Error: 1193-HY000: Unknown system variable 'WSREP_ON'
2026-05-25 04:43:27.556 [restartedMain] WARN  o.f.c.i.database.base.Database.warn - Using MariaDB 12.2 which is newer than the version Flyway has been verified with. The latest verified version of MariaDB is 11.7.
2026-05-25 04:43:27.563 [restartedMain] INFO  o.f.core.internal.command.DbValidate.info - Successfully validated 1 migration (execution time 00:00.003s)
2026-05-25 04:43:27.570 [restartedMain] INFO  o.f.core.internal.command.DbMigrate.info - Current version of schema `trackify`: 1
2026-05-25 04:43:27.574 [restartedMain] INFO  o.f.core.internal.command.DbMigrate.info - Schema `trackify` is up to date. No migration necessary.
2026-05-25 04:43:27.579 [restartedMain] INFO  o.f.c.i.r.ResourceNameValidator.info - 2 SQL migrations were detected but not run because they did not follow the filename convention.
2026-05-25 04:43:27.579 [restartedMain] INFO  o.f.c.i.r.ResourceNameValidator.info - Set 'validateMigrationNaming' to true to fail fast and see a list of the invalid file names.
2026-05-25 04:43:27.579 [restartedMain] WARN  o.m.jdbc.message.server.ErrorPacket.warn - Error: 1193-HY000: Unknown system variable 'WSREP_ON'
2026-05-25 04:43:27.585 [restartedMain] WARN  o.f.c.i.database.base.Database.warn - Using MariaDB 12.2 which is newer than the version Flyway has been verified with. The latest verified version of MariaDB is 11.7.
2026-05-25 04:43:27.590 [restartedMain] INFO  o.f.core.internal.command.DbValidate.info - Successfully validated 1 migration (execution time 00:00.002s)
2026-05-25 04:43:27.594 [restartedMain] INFO  o.f.core.internal.command.DbMigrate.info - Current version of schema `trackify`: 1
2026-05-25 04:43:27.594 [restartedMain] INFO  o.f.core.internal.command.DbMigrate.info - Schema `trackify` is up to date. No migration necessary.
2026-05-25 04:43:27.709 [restartedMain] WARN  o.s.b.j.a.JpaBaseConfiguration$JpaWebConfiguration.openEntityManagerInViewInterceptor - spring.jpa.open-in-view is enabled by default. Therefore, database queries may be performed during view rendering. Explicitly configure spring.jpa.open-in-view to disable this warning
2026-05-25 04:43:28.338 [restartedMain] WARN  o.s.b.s.a.UserDetailsServiceAutoConfiguration.getOrDeducePassword - 

Using generated security password: 3acb5434-1de4-4b83-9105-6fba574e6f49

This generated password is for development use only. Your security configuration must be updated before running your application in production.

2026-05-25 04:43:28.386 [restartedMain] INFO  o.s.s.c.a.a.c.InitializeUserDetailsBeanManagerConfigurer$InitializeUserDetailsManagerConfigurer.configure - Global AuthenticationManager configured with UserDetailsService bean with name inMemoryUserDetailsManager
2026-05-25 04:43:29.307 [restartedMain] INFO  o.s.boot.tomcat.TomcatWebServer.start - Tomcat started on port 8080 (http) with context path '/'
2026-05-25 04:43:29.314 [restartedMain] INFO  c.e.trackify.TrackifyApplication.logStarted - Started TrackifyApplication in 7.454 seconds (process running for 8.417)
2026-05-25 04:43:29.317 [restartedMain] INFO  c.e.trackify.config.DatosIniciales.run - Iniciando insercion de datos iniciales...
2026-05-25 04:43:29.871 [restartedMain] INFO  c.e.trackify.config.DatosIniciales.run - Insercion de datos iniciales finalizada
2026-05-25 04:44:13.624 [SpringApplicationShutdownHook] INFO  o.s.boot.tomcat.GracefulShutdown.shutDownGracefully - Commencing graceful shutdown. Waiting for active requests to complete
2026-05-25 04:44:13.629 [tomcat-shutdown] INFO  o.s.boot.tomcat.GracefulShutdown.doShutdown - Graceful shutdown complete
2026-05-25 04:44:13.635 [SpringApplicationShutdownHook] INFO  o.s.o.j.LocalContainerEntityManagerFactoryBean.destroy - Closing JPA EntityManagerFactory for persistence unit 'default'
2026-05-25 04:44:13.640 [SpringApplicationShutdownHook] INFO  com.zaxxer.hikari.HikariDataSource.close - HikariPool-1 - Shutdown initiated...
2026-05-25 04:44:13.644 [SpringApplicationShutdownHook] INFO  com.zaxxer.hikari.HikariDataSource.close - HikariPool-1 - Shutdown completed.
