2026-06-23 11:21:40.082 [restartedMain] INFO  c.e.trackify.TrackifyApplication.logStarting - Starting TrackifyApplication v1.0.0 using Java 22.0.2 with PID 16488 (Z:\TFG\Trackify-TFG\trackify\target\classes started by admin in Z:\TFG\Trackify-TFG\trackify)
2026-06-23 11:21:40.088 [restartedMain] INFO  c.e.trackify.TrackifyApplication.logStartupProfileInfo - The following 1 profile is active: "dev"
2026-06-23 11:21:40.152 [restartedMain] INFO  o.s.b.d.e.DevToolsPropertyDefaultsPostProcessor.log - Devtools property defaults active! Set 'spring.devtools.add-properties' to 'false' to disable
2026-06-23 11:21:40.152 [restartedMain] INFO  o.s.b.d.e.DevToolsPropertyDefaultsPostProcessor.log - For additional web related logging consider setting the 'logging.level.web' property to 'DEBUG'
2026-06-23 11:21:41.762 [restartedMain] INFO  o.s.d.r.c.RepositoryConfigurationDelegate.registerRepositoriesIn - Bootstrapping Spring Data JPA repositories in DEFAULT mode.
2026-06-23 11:21:41.892 [restartedMain] INFO  o.s.d.r.c.RepositoryConfigurationDelegate.registerRepositoriesIn - Finished Spring Data repository scanning in 118 ms. Found 6 JPA repository interfaces.
2026-06-23 11:21:42.691 [restartedMain] INFO  o.s.boot.tomcat.TomcatWebServer.initialize - Tomcat initialized with port 8080 (http)
2026-06-23 11:21:42.709 [restartedMain] INFO  o.a.catalina.core.StandardService.log - Starting service [Tomcat]
2026-06-23 11:21:42.709 [restartedMain] INFO  o.a.catalina.core.StandardEngine.log - Starting Servlet engine: [Apache Tomcat/11.0.21]
2026-06-23 11:21:42.788 [restartedMain] INFO  o.s.b.w.c.s.WebApplicationContextInitializer.prepareWebApplicationContext - Root WebApplicationContext: initialization completed in 2635 ms
2026-06-23 11:21:42.943 [restartedMain] WARN  o.s.b.j.a.JpaBaseConfiguration$JpaWebConfiguration.openEntityManagerInViewInterceptor - spring.jpa.open-in-view is enabled by default. Therefore, database queries may be performed during view rendering. Explicitly configure spring.jpa.open-in-view to disable this warning
2026-06-23 11:21:43.108 [restartedMain] INFO  org.hibernate.orm.jpa.logPersistenceUnitInformation - HHH008540: Processing PersistenceUnitInfo [name: default]
2026-06-23 11:21:43.198 [restartedMain] INFO  org.hibernate.orm.core.logVersion - HHH000001: Hibernate ORM core version 7.2.12.Final
2026-06-23 11:21:43.898 [restartedMain] INFO  o.s.o.j.p.SpringPersistenceUnitInfo.addTransformer - No LoadTimeWeaver setup: ignoring JPA class transformer
2026-06-23 11:21:43.947 [restartedMain] INFO  com.zaxxer.hikari.HikariDataSource.getConnection - HikariPool-1 - Starting...
2026-06-23 11:21:44.092 [restartedMain] INFO  com.zaxxer.hikari.pool.HikariPool.checkFailFast - HikariPool-1 - Added connection org.mariadb.jdbc.Connection@503ac28c
2026-06-23 11:21:44.095 [restartedMain] INFO  com.zaxxer.hikari.HikariDataSource.getConnection - HikariPool-1 - Start completed.
2026-06-23 11:21:44.179 [restartedMain] INFO  o.hibernate.orm.connections.pooling.logConnectionInfo - HHH10001005: Database info:
	Database JDBC URL [jdbc:mariadb://localhost:3307/trackify?user=david&password=***]
	Database driver: MariaDB Connector/J
	Database dialect: MariaDBDialect
	Database version: 12.2.2
	Default catalog/schema: trackify/undefined
	Autocommit mode: undefined/unknown
	Isolation level: REPEATABLE_READ [default REPEATABLE_READ]
	JDBC fetch size: none
	Pool: DataSourceConnectionProvider
	Minimum pool size: undefined/unknown
	Maximum pool size: undefined/unknown
2026-06-23 11:21:45.540 [restartedMain] INFO  org.hibernate.orm.core.initiateService - HHH000489: No JTA platform available (set 'hibernate.transaction.jta.platform' to enable JTA platform integration)
2026-06-23 11:21:46.064 [restartedMain] INFO  o.s.o.j.LocalContainerEntityManagerFactoryBean.buildNativeEntityManagerFactory - Initialized JPA EntityManagerFactory for persistence unit 'default'
2026-06-23 11:21:46.369 [restartedMain] INFO  o.s.d.j.r.q.QueryEnhancerFactories.<clinit> - Hibernate is in classpath; If applicable, HQL parser will be used.
2026-06-23 11:21:46.832 [restartedMain] INFO  o.s.s.c.a.a.c.InitializeUserDetailsBeanManagerConfigurer$InitializeUserDetailsManagerConfigurer.configure - Global AuthenticationManager configured with UserDetailsService bean with name usuarioService
2026-06-23 11:21:48.364 [restartedMain] INFO  o.f.c.i.r.ResourceNameValidator.info - 3 SQL migrations were detected but not run because they did not follow the filename convention.
2026-06-23 11:21:48.365 [restartedMain] INFO  o.f.c.i.r.ResourceNameValidator.info - Set 'validateMigrationNaming' to true to fail fast and see a list of the invalid file names.
2026-06-23 11:21:48.371 [restartedMain] WARN  o.m.jdbc.message.server.ErrorPacket.warn - Error: 1193-HY000: Unknown system variable 'WSREP_ON'
2026-06-23 11:21:48.389 [restartedMain] INFO  org.flywaydb.core.FlywayExecutor.info - Database: jdbc:mariadb://localhost:3307/trackify?user=david&password=******** (MariaDB 12.2)
2026-06-23 11:21:48.398 [restartedMain] WARN  o.f.c.i.database.base.Database.warn - Using MariaDB 12.2 which is newer than the version Flyway has been verified with. The latest verified version of MariaDB is 11.7.
2026-06-23 11:21:48.432 [restartedMain] INFO  o.f.c.i.s.JdbcTableSchemaHistory.info - Repair of failed migration in Schema History table `trackify`.`flyway_schema_history` not necessary. No failed migration detected.
2026-06-23 11:21:48.440 [restartedMain] INFO  o.f.core.internal.command.DbRepair.info - Successfully repaired schema history table `trackify`.`flyway_schema_history` (execution time 00:00.024s).
2026-06-23 11:21:48.448 [restartedMain] INFO  o.f.c.i.r.ResourceNameValidator.info - 3 SQL migrations were detected but not run because they did not follow the filename convention.
2026-06-23 11:21:48.449 [restartedMain] INFO  o.f.c.i.r.ResourceNameValidator.info - Set 'validateMigrationNaming' to true to fail fast and see a list of the invalid file names.
2026-06-23 11:21:48.449 [restartedMain] WARN  o.m.jdbc.message.server.ErrorPacket.warn - Error: 1193-HY000: Unknown system variable 'WSREP_ON'
2026-06-23 11:21:48.455 [restartedMain] WARN  o.f.c.i.database.base.Database.warn - Using MariaDB 12.2 which is newer than the version Flyway has been verified with. The latest verified version of MariaDB is 11.7.
2026-06-23 11:21:48.464 [restartedMain] INFO  o.f.core.internal.command.DbValidate.info - Successfully validated 1 migration (execution time 00:00.004s)
2026-06-23 11:21:48.473 [restartedMain] INFO  o.f.core.internal.command.DbMigrate.info - Current version of schema `trackify`: 1
2026-06-23 11:21:48.478 [restartedMain] INFO  o.f.core.internal.command.DbMigrate.info - Schema `trackify` is up to date. No migration necessary.
2026-06-23 11:21:48.484 [restartedMain] INFO  o.f.c.i.r.ResourceNameValidator.info - 3 SQL migrations were detected but not run because they did not follow the filename convention.
2026-06-23 11:21:48.484 [restartedMain] INFO  o.f.c.i.r.ResourceNameValidator.info - Set 'validateMigrationNaming' to true to fail fast and see a list of the invalid file names.
2026-06-23 11:21:48.485 [restartedMain] WARN  o.m.jdbc.message.server.ErrorPacket.warn - Error: 1193-HY000: Unknown system variable 'WSREP_ON'
2026-06-23 11:21:48.492 [restartedMain] WARN  o.f.c.i.database.base.Database.warn - Using MariaDB 12.2 which is newer than the version Flyway has been verified with. The latest verified version of MariaDB is 11.7.
2026-06-23 11:21:48.497 [restartedMain] INFO  o.f.core.internal.command.DbValidate.info - Successfully validated 1 migration (execution time 00:00.002s)
2026-06-23 11:21:48.501 [restartedMain] INFO  o.f.core.internal.command.DbMigrate.info - Current version of schema `trackify`: 1
2026-06-23 11:21:48.501 [restartedMain] INFO  o.f.core.internal.command.DbMigrate.info - Schema `trackify` is up to date. No migration necessary.
2026-06-23 11:21:49.450 [restartedMain] INFO  o.s.boot.tomcat.TomcatWebServer.start - Tomcat started on port 8080 (http) with context path '/'
2026-06-23 11:21:49.459 [restartedMain] INFO  c.e.trackify.TrackifyApplication.logStarted - Started TrackifyApplication in 10.22 seconds (process running for 16.253)
2026-06-23 11:21:49.464 [restartedMain] INFO  c.e.trackify.config.DatosIniciales.run - Iniciando insercion de datos iniciales...
2026-06-23 11:21:49.668 [restartedMain] INFO  c.e.trackify.config.DatosIniciales.run - Insercion de datos iniciales finalizada
2026-06-23 11:24:17.770 [http-nio-8080-exec-1] INFO  o.a.c.c.C.[Tomcat].[localhost].[/].log - Initializing Spring DispatcherServlet 'dispatcherServlet'
2026-06-23 11:24:17.771 [http-nio-8080-exec-1] INFO  o.s.web.servlet.DispatcherServlet.initServletBean - Initializing Servlet 'dispatcherServlet'
2026-06-23 11:24:17.773 [http-nio-8080-exec-1] INFO  o.s.web.servlet.DispatcherServlet.initServletBean - Completed initialization in 2 ms
2026-06-23 11:24:17.948 [http-nio-8080-exec-1] INFO  c.e.t.controller.AuthController.login - PETICIÓN LOGIN usuario luis
2026-06-23 11:24:17.949 [http-nio-8080-exec-1] INFO  c.e.t.service.auth.AuthService.login - Intentando login usuario luis
2026-06-23 11:24:18.242 [http-nio-8080-exec-1] INFO  c.e.t.c.security.JwtTokenProvider.generateToken - Generando token para usuario: luis
2026-06-23 11:24:20.986 [http-nio-8080-exec-2] INFO  c.e.t.c.s.JwtAuthenticationFilter.doFilterInternal - Usuario autenticado correctamente: luis
2026-06-23 11:24:20.995 [http-nio-8080-exec-2] INFO  c.e.t.controller.ContenidoController.filtrar - Petición de filtrado para usuario luis
2026-06-23 11:24:41.872 [http-nio-8080-exec-3] INFO  c.e.t.c.s.JwtAuthenticationFilter.doFilterInternal - Usuario autenticado correctamente: luis
2026-06-23 11:24:41.873 [http-nio-8080-exec-3] INFO  c.e.t.controller.ContenidoController.filtrar - Petición de filtrado para usuario luis
2026-06-23 11:26:22.320 [http-nio-8080-exec-5] INFO  c.e.t.c.s.JwtAuthenticationFilter.doFilterInternal - Usuario autenticado correctamente: luis
2026-06-23 11:26:22.344 [http-nio-8080-exec-5] INFO  c.e.t.controller.ContenidoController.crear - Petición para crear contenido del usuario luis
2026-06-23 11:26:22.483 [http-nio-8080-exec-6] INFO  c.e.t.c.s.JwtAuthenticationFilter.doFilterInternal - Usuario autenticado correctamente: luis
2026-06-23 11:26:22.485 [http-nio-8080-exec-6] INFO  c.e.t.controller.ContenidoController.filtrar - Petición de filtrado para usuario luis
2026-06-23 11:26:24.189 [http-nio-8080-exec-7] INFO  c.e.t.c.s.JwtAuthenticationFilter.doFilterInternal - Usuario autenticado correctamente: luis
2026-06-23 11:26:24.191 [http-nio-8080-exec-7] INFO  c.e.t.controller.ContenidoController.obtenerPorId - Petición para obtener contenido 5 del usuario luis
2026-06-23 11:26:27.444 [http-nio-8080-exec-8] INFO  c.e.t.c.s.JwtAuthenticationFilter.doFilterInternal - Usuario autenticado correctamente: luis
2026-06-23 11:26:27.445 [http-nio-8080-exec-8] INFO  c.e.t.controller.ContenidoController.filtrar - Petición de filtrado para usuario luis
2026-06-23 11:26:28.597 [http-nio-8080-exec-9] INFO  c.e.t.c.s.JwtAuthenticationFilter.doFilterInternal - Usuario autenticado correctamente: luis
2026-06-23 11:26:28.598 [http-nio-8080-exec-9] INFO  c.e.t.controller.ContenidoController.obtenerPorId - Petición para obtener contenido 5 del usuario luis
2026-06-23 11:26:32.531 [http-nio-8080-exec-10] INFO  c.e.t.c.s.JwtAuthenticationFilter.doFilterInternal - Usuario autenticado correctamente: luis
2026-06-23 11:26:32.532 [http-nio-8080-exec-10] INFO  c.e.t.controller.ContenidoController.filtrar - Petición de filtrado para usuario luis
2026-06-23 11:26:37.369 [http-nio-8080-exec-1] INFO  c.e.t.c.s.JwtAuthenticationFilter.doFilterInternal - Usuario autenticado correctamente: luis
2026-06-23 11:26:37.370 [http-nio-8080-exec-1] INFO  c.e.t.controller.ContenidoController.obtenerPorId - Petición para obtener contenido 5 del usuario luis
2026-06-23 11:26:42.636 [http-nio-8080-exec-2] INFO  c.e.t.c.s.JwtAuthenticationFilter.doFilterInternal - Usuario autenticado correctamente: luis
2026-06-23 11:26:42.637 [http-nio-8080-exec-2] INFO  c.e.t.controller.ContenidoController.obtenerPorId - Petición para obtener contenido 5 del usuario luis
2026-06-23 11:26:52.416 [http-nio-8080-exec-3] INFO  c.e.t.c.s.JwtAuthenticationFilter.doFilterInternal - Usuario autenticado correctamente: luis
2026-06-23 11:26:52.418 [http-nio-8080-exec-3] INFO  c.e.t.controller.ContenidoController.actualizar - Petición para actualizar contenido 5 del usuario luis
2026-06-23 11:26:52.526 [http-nio-8080-exec-4] INFO  c.e.t.c.s.JwtAuthenticationFilter.doFilterInternal - Usuario autenticado correctamente: luis
2026-06-23 11:26:52.528 [http-nio-8080-exec-4] INFO  c.e.t.controller.ContenidoController.obtenerPorId - Petición para obtener contenido 5 del usuario luis
2026-06-23 11:26:55.940 [http-nio-8080-exec-5] INFO  c.e.t.c.s.JwtAuthenticationFilter.doFilterInternal - Usuario autenticado correctamente: luis
2026-06-23 11:26:55.941 [http-nio-8080-exec-5] INFO  c.e.t.controller.ContenidoController.eliminar - Petición para eliminar contenido 5 del usuario luis
2026-06-23 11:26:56.030 [http-nio-8080-exec-6] INFO  c.e.t.c.s.JwtAuthenticationFilter.doFilterInternal - Usuario autenticado correctamente: luis
2026-06-23 11:26:56.031 [http-nio-8080-exec-6] INFO  c.e.t.controller.ContenidoController.filtrar - Petición de filtrado para usuario luis
2026-06-23 11:27:04.300 [http-nio-8080-exec-7] INFO  c.e.t.c.s.JwtAuthenticationFilter.doFilterInternal - Usuario autenticado correctamente: luis
2026-06-23 11:27:04.301 [http-nio-8080-exec-7] INFO  c.e.t.controller.ContenidoController.filtrar - Petición de filtrado para usuario luis
2026-06-23 11:28:20.040 [http-nio-8080-exec-9] INFO  c.e.t.c.s.JwtAuthenticationFilter.doFilterInternal - Usuario autenticado correctamente: luis
2026-06-23 11:28:20.043 [http-nio-8080-exec-9] INFO  c.e.t.controller.ContenidoController.crear - Petición para crear contenido del usuario luis
2026-06-23 11:28:20.128 [http-nio-8080-exec-10] INFO  c.e.t.c.s.JwtAuthenticationFilter.doFilterInternal - Usuario autenticado correctamente: luis
2026-06-23 11:28:20.129 [http-nio-8080-exec-10] INFO  c.e.t.controller.ContenidoController.filtrar - Petición de filtrado para usuario luis
2026-06-23 11:28:21.957 [http-nio-8080-exec-1] INFO  c.e.t.c.s.JwtAuthenticationFilter.doFilterInternal - Usuario autenticado correctamente: luis
2026-06-23 11:28:21.958 [http-nio-8080-exec-1] INFO  c.e.t.controller.ContenidoController.obtenerPorId - Petición para obtener contenido 6 del usuario luis
2026-06-23 11:28:26.747 [http-nio-8080-exec-2] INFO  c.e.t.c.s.JwtAuthenticationFilter.doFilterInternal - Usuario autenticado correctamente: luis
2026-06-23 11:28:26.748 [http-nio-8080-exec-2] INFO  c.e.t.controller.ContenidoController.obtenerPorId - Petición para obtener contenido 6 del usuario luis
2026-06-23 11:28:31.306 [http-nio-8080-exec-3] INFO  c.e.t.c.s.JwtAuthenticationFilter.doFilterInternal - Usuario autenticado correctamente: luis
2026-06-23 11:28:31.308 [http-nio-8080-exec-3] INFO  c.e.t.controller.ContenidoController.actualizar - Petición para actualizar contenido 6 del usuario luis
2026-06-23 11:28:31.384 [http-nio-8080-exec-4] INFO  c.e.t.c.s.JwtAuthenticationFilter.doFilterInternal - Usuario autenticado correctamente: luis
2026-06-23 11:28:31.386 [http-nio-8080-exec-4] INFO  c.e.t.controller.ContenidoController.obtenerPorId - Petición para obtener contenido 6 del usuario luis
2026-06-23 11:28:32.749 [http-nio-8080-exec-5] INFO  c.e.t.c.s.JwtAuthenticationFilter.doFilterInternal - Usuario autenticado correctamente: luis
2026-06-23 11:28:32.750 [http-nio-8080-exec-5] INFO  c.e.t.controller.ContenidoController.obtenerPorId - Petición para obtener contenido 6 del usuario luis
2026-06-23 11:28:35.310 [http-nio-8080-exec-6] INFO  c.e.t.c.s.JwtAuthenticationFilter.doFilterInternal - Usuario autenticado correctamente: luis
2026-06-23 11:28:35.313 [http-nio-8080-exec-6] INFO  c.e.t.controller.ContenidoController.actualizar - Petición para actualizar contenido 6 del usuario luis
2026-06-23 11:28:35.436 [http-nio-8080-exec-7] INFO  c.e.t.c.s.JwtAuthenticationFilter.doFilterInternal - Usuario autenticado correctamente: luis
2026-06-23 11:28:35.436 [http-nio-8080-exec-7] INFO  c.e.t.controller.ContenidoController.obtenerPorId - Petición para obtener contenido 6 del usuario luis
2026-06-23 11:28:39.721 [http-nio-8080-exec-8] INFO  c.e.t.c.s.JwtAuthenticationFilter.doFilterInternal - Usuario autenticado correctamente: luis
2026-06-23 11:28:39.722 [http-nio-8080-exec-8] INFO  c.e.t.controller.ContenidoController.eliminar - Petición para eliminar contenido 6 del usuario luis
2026-06-23 11:28:39.811 [http-nio-8080-exec-9] INFO  c.e.t.c.s.JwtAuthenticationFilter.doFilterInternal - Usuario autenticado correctamente: luis
2026-06-23 11:28:39.812 [http-nio-8080-exec-9] INFO  c.e.t.controller.ContenidoController.filtrar - Petición de filtrado para usuario luis
2026-06-23 11:28:50.731 [http-nio-8080-exec-10] INFO  c.e.t.controller.AuthController.login - PETICIÓN LOGIN usuario luis
2026-06-23 11:28:50.731 [http-nio-8080-exec-10] INFO  c.e.t.service.auth.AuthService.login - Intentando login usuario luis
2026-06-23 11:28:50.850 [http-nio-8080-exec-10] INFO  c.e.t.c.security.JwtTokenProvider.generateToken - Generando token para usuario: luis
2026-06-23 11:29:05.790 [http-nio-8080-exec-1] INFO  c.e.t.c.s.JwtAuthenticationFilter.doFilterInternal - Usuario autenticado correctamente: luis
2026-06-23 11:29:05.795 [http-nio-8080-exec-1] INFO  c.e.t.controller.UsuarioController.cambiarPassword - Petición para cambiar contraseña del usuario luis
2026-06-23 11:29:05.920 [http-nio-8080-exec-1] INFO  c.e.t.controller.UsuarioController.cambiarPassword - Contraseña actualizada correctamente para el usuario luis
2026-06-23 11:29:23.843 [http-nio-8080-exec-2] INFO  c.e.t.controller.AuthController.login - PETICIÓN LOGIN usuario luis
2026-06-23 11:29:23.844 [http-nio-8080-exec-2] INFO  c.e.t.service.auth.AuthService.login - Intentando login usuario luis
2026-06-23 11:29:23.961 [http-nio-8080-exec-2] INFO  c.e.t.c.security.JwtTokenProvider.generateToken - Generando token para usuario: luis
2026-06-23 11:29:34.437 [http-nio-8080-exec-3] INFO  c.e.t.c.s.JwtAuthenticationFilter.doFilterInternal - Usuario autenticado correctamente: luis
2026-06-23 11:29:34.438 [http-nio-8080-exec-3] INFO  c.e.t.controller.ContenidoController.filtrar - Petición de filtrado para usuario luis
2026-06-23 11:29:37.449 [http-nio-8080-exec-4] INFO  c.e.t.c.s.JwtAuthenticationFilter.doFilterInternal - Usuario autenticado correctamente: luis
2026-06-23 11:29:37.449 [http-nio-8080-exec-4] INFO  c.e.t.controller.ContenidoController.obtenerPorId - Petición para obtener contenido 4 del usuario luis
2026-06-23 11:29:39.766 [http-nio-8080-exec-5] INFO  c.e.t.c.s.JwtAuthenticationFilter.doFilterInternal - Usuario autenticado correctamente: luis
2026-06-23 11:29:39.767 [http-nio-8080-exec-5] INFO  c.e.t.controller.ContenidoController.eliminar - Petición para eliminar contenido 4 del usuario luis
2026-06-23 11:29:39.828 [http-nio-8080-exec-6] INFO  c.e.t.c.s.JwtAuthenticationFilter.doFilterInternal - Usuario autenticado correctamente: luis
2026-06-23 11:29:39.828 [http-nio-8080-exec-6] INFO  c.e.t.controller.ContenidoController.filtrar - Petición de filtrado para usuario luis
2026-06-23 11:52:32.548 [File Watcher] INFO  o.s.b.d.a.LocalDevToolsAutoConfiguration$RestartingClassPathChangeChangedEventListener.onApplicationEvent - Restarting due to 1 class path change (0 additions, 1 deletion, 0 modifications)
2026-06-23 11:52:32.557 [Thread-1] INFO  o.s.boot.tomcat.GracefulShutdown.shutDownGracefully - Commencing graceful shutdown. Waiting for active requests to complete
2026-06-23 11:52:32.562 [tomcat-shutdown] INFO  o.s.boot.tomcat.GracefulShutdown.doShutdown - Graceful shutdown complete
2026-06-23 11:52:32.570 [Thread-1] INFO  o.s.o.j.LocalContainerEntityManagerFactoryBean.destroy - Closing JPA EntityManagerFactory for persistence unit 'default'
2026-06-23 11:52:32.575 [Thread-1] INFO  com.zaxxer.hikari.HikariDataSource.close - HikariPool-1 - Shutdown initiated...
2026-06-23 11:52:32.578 [Thread-1] INFO  com.zaxxer.hikari.HikariDataSource.close - HikariPool-1 - Shutdown completed.
2026-06-23 11:52:32.738 [restartedMain] INFO  c.e.trackify.TrackifyApplication.logStarting - Starting TrackifyApplication v1.0.0 using Java 22.0.2 with PID 16488 (Z:\TFG\Trackify-TFG\trackify\target\classes started by admin in Z:\TFG\Trackify-TFG\trackify)
2026-06-23 11:52:32.739 [restartedMain] INFO  c.e.trackify.TrackifyApplication.logStartupProfileInfo - The following 1 profile is active: "dev"
2026-06-23 11:52:33.214 [restartedMain] INFO  o.s.d.r.c.RepositoryConfigurationDelegate.registerRepositoriesIn - Bootstrapping Spring Data JPA repositories in DEFAULT mode.
2026-06-23 11:52:33.288 [restartedMain] INFO  o.s.d.r.c.RepositoryConfigurationDelegate.registerRepositoriesIn - Finished Spring Data repository scanning in 71 ms. Found 6 JPA repository interfaces.
2026-06-23 11:52:33.500 [restartedMain] INFO  o.s.boot.tomcat.TomcatWebServer.initialize - Tomcat initialized with port 8080 (http)
2026-06-23 11:52:33.504 [restartedMain] INFO  o.a.catalina.core.StandardService.log - Starting service [Tomcat]
2026-06-23 11:52:33.504 [restartedMain] INFO  o.a.catalina.core.StandardEngine.log - Starting Servlet engine: [Apache Tomcat/11.0.21]
2026-06-23 11:52:33.550 [restartedMain] INFO  o.s.b.w.c.s.WebApplicationContextInitializer.prepareWebApplicationContext - Root WebApplicationContext: initialization completed in 807 ms
2026-06-23 11:52:33.617 [restartedMain] WARN  o.s.b.j.a.JpaBaseConfiguration$JpaWebConfiguration.openEntityManagerInViewInterceptor - spring.jpa.open-in-view is enabled by default. Therefore, database queries may be performed during view rendering. Explicitly configure spring.jpa.open-in-view to disable this warning
2026-06-23 11:52:33.685 [restartedMain] INFO  org.hibernate.orm.jpa.logPersistenceUnitInformation - HHH008540: Processing PersistenceUnitInfo [name: default]
2026-06-23 11:52:33.742 [restartedMain] INFO  o.s.o.j.p.SpringPersistenceUnitInfo.addTransformer - No LoadTimeWeaver setup: ignoring JPA class transformer
2026-06-23 11:52:33.743 [restartedMain] INFO  com.zaxxer.hikari.HikariDataSource.getConnection - HikariPool-2 - Starting...
2026-06-23 11:52:33.748 [restartedMain] INFO  com.zaxxer.hikari.pool.HikariPool.checkFailFast - HikariPool-2 - Added connection org.mariadb.jdbc.Connection@74d797f7
2026-06-23 11:52:33.748 [restartedMain] INFO  com.zaxxer.hikari.HikariDataSource.getConnection - HikariPool-2 - Start completed.
2026-06-23 11:52:33.750 [restartedMain] INFO  o.hibernate.orm.connections.pooling.logConnectionInfo - HHH10001005: Database info:
	Database JDBC URL [jdbc:mariadb://localhost:3307/trackify?user=david&password=***]
	Database driver: MariaDB Connector/J
	Database dialect: MariaDBDialect
	Database version: 12.2.2
	Default catalog/schema: trackify/undefined
	Autocommit mode: undefined/unknown
	Isolation level: REPEATABLE_READ [default REPEATABLE_READ]
	JDBC fetch size: none
	Pool: DataSourceConnectionProvider
	Minimum pool size: undefined/unknown
	Maximum pool size: undefined/unknown
2026-06-23 11:52:33.941 [restartedMain] INFO  org.hibernate.orm.core.initiateService - HHH000489: No JTA platform available (set 'hibernate.transaction.jta.platform' to enable JTA platform integration)
2026-06-23 11:52:34.165 [restartedMain] INFO  o.s.o.j.LocalContainerEntityManagerFactoryBean.buildNativeEntityManagerFactory - Initialized JPA EntityManagerFactory for persistence unit 'default'
2026-06-23 11:52:34.544 [restartedMain] INFO  o.s.s.c.a.a.c.InitializeUserDetailsBeanManagerConfigurer$InitializeUserDetailsManagerConfigurer.configure - Global AuthenticationManager configured with UserDetailsService bean with name usuarioService
2026-06-23 11:52:34.596 [restartedMain] WARN  o.s.b.w.s.s.c.AnnotationConfigServletWebServerApplicationContext.refresh - Exception encountered during context initialization - cancelling refresh attempt: org.springframework.beans.factory.UnsatisfiedDependencyException: Error creating bean with name 'tipoController' defined in file [Z:\TFG\Trackify-TFG\trackify\target\classes\com\example\trackify\controller\TipoController.class]: Unsatisfied dependency expressed through constructor parameter 0: No qualifying bean of type 'com.example.trackify.service.tipo.ITipoService' available: expected at least 1 bean which qualifies as autowire candidate. Dependency annotations: {}
2026-06-23 11:52:34.597 [restartedMain] INFO  o.s.o.j.LocalContainerEntityManagerFactoryBean.destroy - Closing JPA EntityManagerFactory for persistence unit 'default'
2026-06-23 11:52:34.599 [restartedMain] INFO  com.zaxxer.hikari.HikariDataSource.close - HikariPool-2 - Shutdown initiated...
2026-06-23 11:52:34.601 [restartedMain] INFO  com.zaxxer.hikari.HikariDataSource.close - HikariPool-2 - Shutdown completed.
2026-06-23 11:52:34.602 [restartedMain] INFO  o.a.catalina.core.StandardService.log - Stopping service [Tomcat]
2026-06-23 11:52:34.608 [restartedMain] INFO  o.s.b.a.l.ConditionEvaluationReportLogger.logMessage - 

Error starting ApplicationContext. To display the condition evaluation report re-run your application with 'debug' enabled.
2026-06-23 11:52:34.630 [restartedMain] ERROR o.s.b.d.LoggingFailureAnalysisReporter.report - 

***************************
APPLICATION FAILED TO START
***************************

Description:

Parameter 0 of constructor in com.example.trackify.controller.TipoController required a bean of type 'com.example.trackify.service.tipo.ITipoService' that could not be found.


Action:

Consider defining a bean of type 'com.example.trackify.service.tipo.ITipoService' in your configuration.

2026-06-23 11:52:36.159 [restartedMain] INFO  c.e.trackify.TrackifyApplication.logStarting - Starting TrackifyApplication v1.0.0 using Java 22.0.2 with PID 16488 (Z:\TFG\Trackify-TFG\trackify\target\classes started by admin in Z:\TFG\Trackify-TFG\trackify)
2026-06-23 11:52:36.160 [restartedMain] INFO  c.e.trackify.TrackifyApplication.logStartupProfileInfo - The following 1 profile is active: "dev"
2026-06-23 11:52:36.488 [restartedMain] INFO  o.s.d.r.c.RepositoryConfigurationDelegate.registerRepositoriesIn - Bootstrapping Spring Data JPA repositories in DEFAULT mode.
2026-06-23 11:52:36.551 [restartedMain] INFO  o.s.d.r.c.RepositoryConfigurationDelegate.registerRepositoriesIn - Finished Spring Data repository scanning in 60 ms. Found 6 JPA repository interfaces.
2026-06-23 11:52:36.744 [restartedMain] INFO  o.s.boot.tomcat.TomcatWebServer.initialize - Tomcat initialized with port 8080 (http)
2026-06-23 11:52:36.747 [restartedMain] INFO  o.a.catalina.core.StandardService.log - Starting service [Tomcat]
2026-06-23 11:52:36.747 [restartedMain] INFO  o.a.catalina.core.StandardEngine.log - Starting Servlet engine: [Apache Tomcat/11.0.21]
2026-06-23 11:52:36.816 [restartedMain] INFO  o.s.b.w.c.s.WebApplicationContextInitializer.prepareWebApplicationContext - Root WebApplicationContext: initialization completed in 655 ms
2026-06-23 11:52:36.900 [restartedMain] WARN  o.s.b.j.a.JpaBaseConfiguration$JpaWebConfiguration.openEntityManagerInViewInterceptor - spring.jpa.open-in-view is enabled by default. Therefore, database queries may be performed during view rendering. Explicitly configure spring.jpa.open-in-view to disable this warning
2026-06-23 11:52:36.984 [restartedMain] INFO  org.hibernate.orm.jpa.logPersistenceUnitInformation - HHH008540: Processing PersistenceUnitInfo [name: default]
2026-06-23 11:52:37.031 [restartedMain] INFO  o.s.o.j.p.SpringPersistenceUnitInfo.addTransformer - No LoadTimeWeaver setup: ignoring JPA class transformer
2026-06-23 11:52:37.034 [restartedMain] INFO  com.zaxxer.hikari.HikariDataSource.getConnection - HikariPool-3 - Starting...
2026-06-23 11:52:37.038 [restartedMain] INFO  com.zaxxer.hikari.pool.HikariPool.checkFailFast - HikariPool-3 - Added connection org.mariadb.jdbc.Connection@54ab5497
2026-06-23 11:52:37.039 [restartedMain] INFO  com.zaxxer.hikari.HikariDataSource.getConnection - HikariPool-3 - Start completed.
2026-06-23 11:52:37.040 [restartedMain] INFO  o.hibernate.orm.connections.pooling.logConnectionInfo - HHH10001005: Database info:
	Database JDBC URL [jdbc:mariadb://localhost:3307/trackify?user=david&password=***]
	Database driver: MariaDB Connector/J
	Database dialect: MariaDBDialect
	Database version: 12.2.2
	Default catalog/schema: trackify/undefined
	Autocommit mode: undefined/unknown
	Isolation level: REPEATABLE_READ [default REPEATABLE_READ]
	JDBC fetch size: none
	Pool: DataSourceConnectionProvider
	Minimum pool size: undefined/unknown
	Maximum pool size: undefined/unknown
2026-06-23 11:52:37.180 [restartedMain] INFO  org.hibernate.orm.core.initiateService - HHH000489: No JTA platform available (set 'hibernate.transaction.jta.platform' to enable JTA platform integration)
2026-06-23 11:52:37.393 [restartedMain] INFO  o.s.o.j.LocalContainerEntityManagerFactoryBean.buildNativeEntityManagerFactory - Initialized JPA EntityManagerFactory for persistence unit 'default'
2026-06-23 11:52:37.711 [restartedMain] INFO  o.s.s.c.a.a.c.InitializeUserDetailsBeanManagerConfigurer$InitializeUserDetailsManagerConfigurer.configure - Global AuthenticationManager configured with UserDetailsService bean with name usuarioService
2026-06-23 11:52:37.783 [restartedMain] INFO  o.f.c.i.r.ResourceNameValidator.info - 3 SQL migrations were detected but not run because they did not follow the filename convention.
2026-06-23 11:52:37.783 [restartedMain] INFO  o.f.c.i.r.ResourceNameValidator.info - Set 'validateMigrationNaming' to true to fail fast and see a list of the invalid file names.
2026-06-23 11:52:37.784 [restartedMain] WARN  o.m.jdbc.message.server.ErrorPacket.warn - Error: 1193-HY000: Unknown system variable 'WSREP_ON'
2026-06-23 11:52:37.798 [restartedMain] INFO  org.flywaydb.core.FlywayExecutor.info - Database: jdbc:mariadb://localhost:3307/trackify?user=david&password=******** (MariaDB 12.2)
2026-06-23 11:52:37.801 [restartedMain] WARN  o.f.c.i.database.base.Database.warn - Using MariaDB 12.2 which is newer than the version Flyway has been verified with. The latest verified version of MariaDB is 11.7.
2026-06-23 11:52:37.806 [restartedMain] INFO  o.f.c.i.s.JdbcTableSchemaHistory.info - Repair of failed migration in Schema History table `trackify`.`flyway_schema_history` not necessary. No failed migration detected.
2026-06-23 11:52:37.808 [restartedMain] INFO  o.f.core.internal.command.DbRepair.info - Successfully repaired schema history table `trackify`.`flyway_schema_history` (execution time 00:00.004s).
2026-06-23 11:52:37.812 [restartedMain] INFO  o.f.c.i.r.ResourceNameValidator.info - 3 SQL migrations were detected but not run because they did not follow the filename convention.
2026-06-23 11:52:37.812 [restartedMain] INFO  o.f.c.i.r.ResourceNameValidator.info - Set 'validateMigrationNaming' to true to fail fast and see a list of the invalid file names.
2026-06-23 11:52:37.812 [restartedMain] WARN  o.m.jdbc.message.server.ErrorPacket.warn - Error: 1193-HY000: Unknown system variable 'WSREP_ON'
2026-06-23 11:52:37.818 [restartedMain] WARN  o.f.c.i.database.base.Database.warn - Using MariaDB 12.2 which is newer than the version Flyway has been verified with. The latest verified version of MariaDB is 11.7.
2026-06-23 11:52:37.823 [restartedMain] INFO  o.f.core.internal.command.DbValidate.info - Successfully validated 1 migration (execution time 00:00.002s)
2026-06-23 11:52:37.826 [restartedMain] INFO  o.f.core.internal.command.DbMigrate.info - Current version of schema `trackify`: 1
2026-06-23 11:52:37.826 [restartedMain] INFO  o.f.core.internal.command.DbMigrate.info - Schema `trackify` is up to date. No migration necessary.
2026-06-23 11:52:37.829 [restartedMain] INFO  o.f.c.i.r.ResourceNameValidator.info - 3 SQL migrations were detected but not run because they did not follow the filename convention.
2026-06-23 11:52:37.830 [restartedMain] INFO  o.f.c.i.r.ResourceNameValidator.info - Set 'validateMigrationNaming' to true to fail fast and see a list of the invalid file names.
2026-06-23 11:52:37.830 [restartedMain] WARN  o.m.jdbc.message.server.ErrorPacket.warn - Error: 1193-HY000: Unknown system variable 'WSREP_ON'
2026-06-23 11:52:37.838 [restartedMain] WARN  o.f.c.i.database.base.Database.warn - Using MariaDB 12.2 which is newer than the version Flyway has been verified with. The latest verified version of MariaDB is 11.7.
2026-06-23 11:52:37.841 [restartedMain] INFO  o.f.core.internal.command.DbValidate.info - Successfully validated 1 migration (execution time 00:00.002s)
2026-06-23 11:52:37.844 [restartedMain] INFO  o.f.core.internal.command.DbMigrate.info - Current version of schema `trackify`: 1
2026-06-23 11:52:37.845 [restartedMain] INFO  o.f.core.internal.command.DbMigrate.info - Schema `trackify` is up to date. No migration necessary.
2026-06-23 11:52:38.296 [restartedMain] INFO  o.s.boot.tomcat.TomcatWebServer.start - Tomcat started on port 8080 (http) with context path '/'
2026-06-23 11:52:38.301 [restartedMain] INFO  c.e.trackify.TrackifyApplication.logStarted - Started TrackifyApplication in 2.182 seconds (process running for 1865.094)
2026-06-23 11:52:38.301 [restartedMain] INFO  c.e.trackify.config.DatosIniciales.run - Iniciando insercion de datos iniciales...
2026-06-23 11:52:38.366 [restartedMain] INFO  c.e.trackify.config.DatosIniciales.run - Insercion de datos iniciales finalizada
2026-06-23 11:52:38.368 [restartedMain] INFO  o.s.b.d.a.ConditionEvaluationDeltaLoggingListener.onApplicationEvent - Condition evaluation unchanged
2026-06-23 12:01:30.360 [File Watcher] INFO  o.s.b.d.a.LocalDevToolsAutoConfiguration$RestartingClassPathChangeChangedEventListener.onApplicationEvent - Restarting due to 7 class path changes (0 additions, 7 deletions, 0 modifications)
2026-06-23 12:01:30.363 [Thread-5] INFO  o.s.boot.tomcat.GracefulShutdown.shutDownGracefully - Commencing graceful shutdown. Waiting for active requests to complete
2026-06-23 12:01:30.368 [tomcat-shutdown] INFO  o.s.boot.tomcat.GracefulShutdown.doShutdown - Graceful shutdown complete
2026-06-23 12:01:30.373 [Thread-5] INFO  o.s.o.j.LocalContainerEntityManagerFactoryBean.destroy - Closing JPA EntityManagerFactory for persistence unit 'default'
2026-06-23 12:01:30.375 [Thread-5] INFO  com.zaxxer.hikari.HikariDataSource.close - HikariPool-3 - Shutdown initiated...
2026-06-23 12:01:30.377 [Thread-5] INFO  com.zaxxer.hikari.HikariDataSource.close - HikariPool-3 - Shutdown completed.
2026-06-23 12:01:30.569 [restartedMain] INFO  c.e.trackify.TrackifyApplication.logStarting - Starting TrackifyApplication v1.0.0 using Java 22.0.2 with PID 16488 (Z:\TFG\Trackify-TFG\trackify\target\classes started by admin in Z:\TFG\Trackify-TFG\trackify)
2026-06-23 12:01:30.570 [restartedMain] INFO  c.e.trackify.TrackifyApplication.logStartupProfileInfo - The following 1 profile is active: "dev"
2026-06-23 12:01:30.937 [restartedMain] INFO  o.s.d.r.c.RepositoryConfigurationDelegate.registerRepositoriesIn - Bootstrapping Spring Data JPA repositories in DEFAULT mode.
2026-06-23 12:01:31.587 [restartedMain] INFO  o.s.d.r.c.RepositoryConfigurationDelegate.registerRepositoriesIn - Finished Spring Data repository scanning in 60 ms. Found 6 JPA repository interfaces.
2026-06-23 12:01:31.768 [restartedMain] INFO  o.s.boot.tomcat.TomcatWebServer.initialize - Tomcat initialized with port 8080 (http)
2026-06-23 12:01:31.770 [restartedMain] INFO  o.a.catalina.core.StandardService.log - Starting service [Tomcat]
2026-06-23 12:01:31.770 [restartedMain] INFO  o.a.catalina.core.StandardEngine.log - Starting Servlet engine: [Apache Tomcat/11.0.21]
2026-06-23 12:01:31.813 [restartedMain] INFO  o.s.b.w.c.s.WebApplicationContextInitializer.prepareWebApplicationContext - Root WebApplicationContext: initialization completed in 1241 ms
2026-06-23 12:01:31.894 [restartedMain] WARN  o.s.b.j.a.JpaBaseConfiguration$JpaWebConfiguration.openEntityManagerInViewInterceptor - spring.jpa.open-in-view is enabled by default. Therefore, database queries may be performed during view rendering. Explicitly configure spring.jpa.open-in-view to disable this warning
2026-06-23 12:01:31.972 [restartedMain] INFO  org.hibernate.orm.jpa.logPersistenceUnitInformation - HHH008540: Processing PersistenceUnitInfo [name: default]
2026-06-23 12:01:32.039 [restartedMain] INFO  o.s.o.j.p.SpringPersistenceUnitInfo.addTransformer - No LoadTimeWeaver setup: ignoring JPA class transformer
2026-06-23 12:01:32.041 [restartedMain] INFO  com.zaxxer.hikari.HikariDataSource.getConnection - HikariPool-4 - Starting...
2026-06-23 12:01:32.048 [restartedMain] INFO  com.zaxxer.hikari.pool.HikariPool.checkFailFast - HikariPool-4 - Added connection org.mariadb.jdbc.Connection@26dbdc54
2026-06-23 12:01:32.049 [restartedMain] INFO  com.zaxxer.hikari.HikariDataSource.getConnection - HikariPool-4 - Start completed.
2026-06-23 12:01:32.050 [restartedMain] INFO  o.hibernate.orm.connections.pooling.logConnectionInfo - HHH10001005: Database info:
	Database JDBC URL [jdbc:mariadb://localhost:3307/trackify?user=david&password=***]
	Database driver: MariaDB Connector/J
	Database dialect: MariaDBDialect
	Database version: 12.2.2
	Default catalog/schema: trackify/undefined
	Autocommit mode: undefined/unknown
	Isolation level: REPEATABLE_READ [default REPEATABLE_READ]
	JDBC fetch size: none
	Pool: DataSourceConnectionProvider
	Minimum pool size: undefined/unknown
	Maximum pool size: undefined/unknown
2026-06-23 12:01:32.259 [restartedMain] INFO  org.hibernate.orm.core.initiateService - HHH000489: No JTA platform available (set 'hibernate.transaction.jta.platform' to enable JTA platform integration)
2026-06-23 12:01:32.540 [restartedMain] INFO  o.s.o.j.LocalContainerEntityManagerFactoryBean.buildNativeEntityManagerFactory - Initialized JPA EntityManagerFactory for persistence unit 'default'
2026-06-23 12:01:32.947 [restartedMain] INFO  o.s.s.c.a.a.c.InitializeUserDetailsBeanManagerConfigurer$InitializeUserDetailsManagerConfigurer.configure - Global AuthenticationManager configured with UserDetailsService bean with name usuarioService
2026-06-23 12:01:32.965 [restartedMain] WARN  o.s.b.w.s.s.c.AnnotationConfigServletWebServerApplicationContext.refresh - Exception encountered during context initialization - cancelling refresh attempt: org.springframework.beans.factory.UnsatisfiedDependencyException: Error creating bean with name 'contenidoController' defined in file [Z:\TFG\Trackify-TFG\trackify\target\classes\com\example\trackify\controller\ContenidoController.class]: Unsatisfied dependency expressed through constructor parameter 0: No qualifying bean of type 'com.example.trackify.service.contenido.IContenidoService' available: expected at least 1 bean which qualifies as autowire candidate. Dependency annotations: {}
2026-06-23 12:01:32.966 [restartedMain] INFO  o.s.o.j.LocalContainerEntityManagerFactoryBean.destroy - Closing JPA EntityManagerFactory for persistence unit 'default'
2026-06-23 12:01:32.968 [restartedMain] INFO  com.zaxxer.hikari.HikariDataSource.close - HikariPool-4 - Shutdown initiated...
2026-06-23 12:01:32.970 [restartedMain] INFO  com.zaxxer.hikari.HikariDataSource.close - HikariPool-4 - Shutdown completed.
2026-06-23 12:01:32.971 [restartedMain] INFO  o.a.catalina.core.StandardService.log - Stopping service [Tomcat]
2026-06-23 12:01:32.974 [restartedMain] INFO  o.s.b.a.l.ConditionEvaluationReportLogger.logMessage - 

Error starting ApplicationContext. To display the condition evaluation report re-run your application with 'debug' enabled.
2026-06-23 12:01:32.982 [restartedMain] ERROR o.s.b.d.LoggingFailureAnalysisReporter.report - 

***************************
APPLICATION FAILED TO START
***************************

Description:

Parameter 0 of constructor in com.example.trackify.controller.ContenidoController required a bean of type 'com.example.trackify.service.contenido.IContenidoService' that could not be found.


Action:

Consider defining a bean of type 'com.example.trackify.service.contenido.IContenidoService' in your configuration.

2026-06-23 12:01:34.508 [restartedMain] INFO  c.e.trackify.TrackifyApplication.logStarting - Starting TrackifyApplication v1.0.0 using Java 22.0.2 with PID 16488 (Z:\TFG\Trackify-TFG\trackify\target\classes started by admin in Z:\TFG\Trackify-TFG\trackify)
2026-06-23 12:01:34.509 [restartedMain] INFO  c.e.trackify.TrackifyApplication.logStartupProfileInfo - The following 1 profile is active: "dev"
2026-06-23 12:01:34.821 [restartedMain] INFO  o.s.d.r.c.RepositoryConfigurationDelegate.registerRepositoriesIn - Bootstrapping Spring Data JPA repositories in DEFAULT mode.
2026-06-23 12:01:34.881 [restartedMain] INFO  o.s.d.r.c.RepositoryConfigurationDelegate.registerRepositoriesIn - Finished Spring Data repository scanning in 58 ms. Found 6 JPA repository interfaces.
2026-06-23 12:01:35.029 [restartedMain] INFO  o.s.boot.tomcat.TomcatWebServer.initialize - Tomcat initialized with port 8080 (http)
2026-06-23 12:01:35.030 [restartedMain] INFO  o.a.catalina.core.StandardService.log - Starting service [Tomcat]
2026-06-23 12:01:35.030 [restartedMain] INFO  o.a.catalina.core.StandardEngine.log - Starting Servlet engine: [Apache Tomcat/11.0.21]
2026-06-23 12:01:35.073 [restartedMain] INFO  o.s.b.w.c.s.WebApplicationContextInitializer.prepareWebApplicationContext - Root WebApplicationContext: initialization completed in 562 ms
2026-06-23 12:01:35.126 [restartedMain] WARN  o.s.b.j.a.JpaBaseConfiguration$JpaWebConfiguration.openEntityManagerInViewInterceptor - spring.jpa.open-in-view is enabled by default. Therefore, database queries may be performed during view rendering. Explicitly configure spring.jpa.open-in-view to disable this warning
2026-06-23 12:01:35.180 [restartedMain] INFO  org.hibernate.orm.jpa.logPersistenceUnitInformation - HHH008540: Processing PersistenceUnitInfo [name: default]
2026-06-23 12:01:35.230 [restartedMain] INFO  o.s.o.j.p.SpringPersistenceUnitInfo.addTransformer - No LoadTimeWeaver setup: ignoring JPA class transformer
2026-06-23 12:01:35.233 [restartedMain] INFO  com.zaxxer.hikari.HikariDataSource.getConnection - HikariPool-5 - Starting...
2026-06-23 12:01:35.236 [restartedMain] INFO  com.zaxxer.hikari.pool.HikariPool.checkFailFast - HikariPool-5 - Added connection org.mariadb.jdbc.Connection@4e588141
2026-06-23 12:01:35.237 [restartedMain] INFO  com.zaxxer.hikari.HikariDataSource.getConnection - HikariPool-5 - Start completed.
2026-06-23 12:01:35.238 [restartedMain] INFO  o.hibernate.orm.connections.pooling.logConnectionInfo - HHH10001005: Database info:
	Database JDBC URL [jdbc:mariadb://localhost:3307/trackify?user=david&password=***]
	Database driver: MariaDB Connector/J
	Database dialect: MariaDBDialect
	Database version: 12.2.2
	Default catalog/schema: trackify/undefined
	Autocommit mode: undefined/unknown
	Isolation level: REPEATABLE_READ [default REPEATABLE_READ]
	JDBC fetch size: none
	Pool: DataSourceConnectionProvider
	Minimum pool size: undefined/unknown
	Maximum pool size: undefined/unknown
2026-06-23 12:01:35.366 [restartedMain] INFO  org.hibernate.orm.core.initiateService - HHH000489: No JTA platform available (set 'hibernate.transaction.jta.platform' to enable JTA platform integration)
2026-06-23 12:01:35.558 [restartedMain] INFO  o.s.o.j.LocalContainerEntityManagerFactoryBean.buildNativeEntityManagerFactory - Initialized JPA EntityManagerFactory for persistence unit 'default'
2026-06-23 12:01:35.867 [restartedMain] INFO  o.s.s.c.a.a.c.InitializeUserDetailsBeanManagerConfigurer$InitializeUserDetailsManagerConfigurer.configure - Global AuthenticationManager configured with UserDetailsService bean with name usuarioService
2026-06-23 12:01:35.908 [restartedMain] WARN  o.s.b.w.s.s.c.AnnotationConfigServletWebServerApplicationContext.refresh - Exception encountered during context initialization - cancelling refresh attempt: org.springframework.beans.factory.UnsatisfiedDependencyException: Error creating bean with name 'generoController' defined in file [Z:\TFG\Trackify-TFG\trackify\target\classes\com\example\trackify\controller\GeneroController.class]: Unsatisfied dependency expressed through constructor parameter 0: No qualifying bean of type 'com.example.trackify.service.genero.IGeneroService' available: expected at least 1 bean which qualifies as autowire candidate. Dependency annotations: {}
2026-06-23 12:01:35.908 [restartedMain] INFO  o.s.o.j.LocalContainerEntityManagerFactoryBean.destroy - Closing JPA EntityManagerFactory for persistence unit 'default'
2026-06-23 12:01:35.909 [restartedMain] INFO  com.zaxxer.hikari.HikariDataSource.close - HikariPool-5 - Shutdown initiated...
2026-06-23 12:01:35.912 [restartedMain] INFO  com.zaxxer.hikari.HikariDataSource.close - HikariPool-5 - Shutdown completed.
2026-06-23 12:01:35.912 [restartedMain] INFO  o.a.catalina.core.StandardService.log - Stopping service [Tomcat]
2026-06-23 12:01:35.916 [restartedMain] INFO  o.s.b.a.l.ConditionEvaluationReportLogger.logMessage - 

Error starting ApplicationContext. To display the condition evaluation report re-run your application with 'debug' enabled.
2026-06-23 12:01:35.921 [restartedMain] ERROR o.s.b.d.LoggingFailureAnalysisReporter.report - 

***************************
APPLICATION FAILED TO START
***************************

Description:

Parameter 0 of constructor in com.example.trackify.controller.GeneroController required a bean of type 'com.example.trackify.service.genero.IGeneroService' that could not be found.


Action:

Consider defining a bean of type 'com.example.trackify.service.genero.IGeneroService' in your configuration.

2026-06-23 20:34:19.315 [restartedMain] INFO  c.e.trackify.TrackifyApplication.logStarting - Starting TrackifyApplication v1.0.0 using Java 22.0.2 with PID 16264 (Z:\TFG\Trackify-TFG\trackify\target\classes started by admin in Z:\TFG\Trackify-TFG\trackify)
2026-06-23 20:34:19.318 [restartedMain] INFO  c.e.trackify.TrackifyApplication.logStartupProfileInfo - The following 1 profile is active: "dev"
2026-06-23 20:34:19.375 [restartedMain] INFO  o.s.b.d.e.DevToolsPropertyDefaultsPostProcessor.log - Devtools property defaults active! Set 'spring.devtools.add-properties' to 'false' to disable
2026-06-23 20:34:19.376 [restartedMain] INFO  o.s.b.d.e.DevToolsPropertyDefaultsPostProcessor.log - For additional web related logging consider setting the 'logging.level.web' property to 'DEBUG'
2026-06-23 20:34:20.480 [restartedMain] INFO  o.s.d.r.c.RepositoryConfigurationDelegate.registerRepositoriesIn - Bootstrapping Spring Data JPA repositories in DEFAULT mode.
2026-06-23 20:34:20.608 [restartedMain] INFO  o.s.d.r.c.RepositoryConfigurationDelegate.registerRepositoriesIn - Finished Spring Data repository scanning in 115 ms. Found 6 JPA repository interfaces.
2026-06-23 20:34:21.390 [restartedMain] INFO  o.s.boot.tomcat.TomcatWebServer.initialize - Tomcat initialized with port 8080 (http)
2026-06-23 20:34:21.407 [restartedMain] INFO  o.a.catalina.core.StandardService.log - Starting service [Tomcat]
2026-06-23 20:34:21.407 [restartedMain] INFO  o.a.catalina.core.StandardEngine.log - Starting Servlet engine: [Apache Tomcat/11.0.21]
2026-06-23 20:34:21.486 [restartedMain] INFO  o.s.b.w.c.s.WebApplicationContextInitializer.prepareWebApplicationContext - Root WebApplicationContext: initialization completed in 2110 ms
2026-06-23 20:34:21.629 [restartedMain] WARN  o.s.b.j.a.JpaBaseConfiguration$JpaWebConfiguration.openEntityManagerInViewInterceptor - spring.jpa.open-in-view is enabled by default. Therefore, database queries may be performed during view rendering. Explicitly configure spring.jpa.open-in-view to disable this warning
2026-06-23 20:34:21.789 [restartedMain] INFO  org.hibernate.orm.jpa.logPersistenceUnitInformation - HHH008540: Processing PersistenceUnitInfo [name: default]
2026-06-23 20:34:21.872 [restartedMain] INFO  org.hibernate.orm.core.logVersion - HHH000001: Hibernate ORM core version 7.2.12.Final
2026-06-23 20:34:22.526 [restartedMain] INFO  o.s.o.j.p.SpringPersistenceUnitInfo.addTransformer - No LoadTimeWeaver setup: ignoring JPA class transformer
2026-06-23 20:34:22.569 [restartedMain] INFO  com.zaxxer.hikari.HikariDataSource.getConnection - HikariPool-1 - Starting...
2026-06-23 20:34:22.690 [restartedMain] INFO  com.zaxxer.hikari.pool.HikariPool.checkFailFast - HikariPool-1 - Added connection org.mariadb.jdbc.Connection@62970a2d
2026-06-23 20:34:22.693 [restartedMain] INFO  com.zaxxer.hikari.HikariDataSource.getConnection - HikariPool-1 - Start completed.
2026-06-23 20:34:22.771 [restartedMain] INFO  o.hibernate.orm.connections.pooling.logConnectionInfo - HHH10001005: Database info:
	Database JDBC URL [jdbc:mariadb://localhost:3307/trackify?user=david&password=***]
	Database driver: MariaDB Connector/J
	Database dialect: MariaDBDialect
	Database version: 12.2.2
	Default catalog/schema: trackify/undefined
	Autocommit mode: undefined/unknown
	Isolation level: REPEATABLE_READ [default REPEATABLE_READ]
	JDBC fetch size: none
	Pool: DataSourceConnectionProvider
	Minimum pool size: undefined/unknown
	Maximum pool size: undefined/unknown
2026-06-23 20:34:24.062 [restartedMain] INFO  org.hibernate.orm.core.initiateService - HHH000489: No JTA platform available (set 'hibernate.transaction.jta.platform' to enable JTA platform integration)
2026-06-23 20:34:24.325 [restartedMain] INFO  o.s.o.j.LocalContainerEntityManagerFactoryBean.buildNativeEntityManagerFactory - Initialized JPA EntityManagerFactory for persistence unit 'default'
2026-06-23 20:34:24.625 [restartedMain] INFO  o.s.d.j.r.q.QueryEnhancerFactories.<clinit> - Hibernate is in classpath; If applicable, HQL parser will be used.
2026-06-23 20:34:25.094 [restartedMain] INFO  o.s.s.c.a.a.c.InitializeUserDetailsBeanManagerConfigurer$InitializeUserDetailsManagerConfigurer.configure - Global AuthenticationManager configured with UserDetailsService bean with name usuarioService
2026-06-23 20:34:26.678 [restartedMain] INFO  o.f.c.i.r.ResourceNameValidator.info - 3 SQL migrations were detected but not run because they did not follow the filename convention.
2026-06-23 20:34:26.678 [restartedMain] INFO  o.f.c.i.r.ResourceNameValidator.info - Set 'validateMigrationNaming' to true to fail fast and see a list of the invalid file names.
2026-06-23 20:34:26.685 [restartedMain] WARN  o.m.jdbc.message.server.ErrorPacket.warn - Error: 1193-HY000: Unknown system variable 'WSREP_ON'
2026-06-23 20:34:26.701 [restartedMain] INFO  org.flywaydb.core.FlywayExecutor.info - Database: jdbc:mariadb://localhost:3307/trackify?user=david&password=******** (MariaDB 12.2)
2026-06-23 20:34:26.709 [restartedMain] WARN  o.f.c.i.database.base.Database.warn - Using MariaDB 12.2 which is newer than the version Flyway has been verified with. The latest verified version of MariaDB is 11.7.
2026-06-23 20:34:26.742 [restartedMain] INFO  o.f.c.i.s.JdbcTableSchemaHistory.info - Repair of failed migration in Schema History table `trackify`.`flyway_schema_history` not necessary. No failed migration detected.
2026-06-23 20:34:26.750 [restartedMain] INFO  o.f.core.internal.command.DbRepair.info - Successfully repaired schema history table `trackify`.`flyway_schema_history` (execution time 00:00.021s).
2026-06-23 20:34:26.758 [restartedMain] INFO  o.f.c.i.r.ResourceNameValidator.info - 3 SQL migrations were detected but not run because they did not follow the filename convention.
2026-06-23 20:34:26.759 [restartedMain] INFO  o.f.c.i.r.ResourceNameValidator.info - Set 'validateMigrationNaming' to true to fail fast and see a list of the invalid file names.
2026-06-23 20:34:26.759 [restartedMain] WARN  o.m.jdbc.message.server.ErrorPacket.warn - Error: 1193-HY000: Unknown system variable 'WSREP_ON'
2026-06-23 20:34:26.766 [restartedMain] WARN  o.f.c.i.database.base.Database.warn - Using MariaDB 12.2 which is newer than the version Flyway has been verified with. The latest verified version of MariaDB is 11.7.
2026-06-23 20:34:26.774 [restartedMain] INFO  o.f.core.internal.command.DbValidate.info - Successfully validated 1 migration (execution time 00:00.003s)
2026-06-23 20:34:26.782 [restartedMain] INFO  o.f.core.internal.command.DbMigrate.info - Current version of schema `trackify`: 1
2026-06-23 20:34:26.787 [restartedMain] INFO  o.f.core.internal.command.DbMigrate.info - Schema `trackify` is up to date. No migration necessary.
2026-06-23 20:34:26.792 [restartedMain] INFO  o.f.c.i.r.ResourceNameValidator.info - 3 SQL migrations were detected but not run because they did not follow the filename convention.
2026-06-23 20:34:26.792 [restartedMain] INFO  o.f.c.i.r.ResourceNameValidator.info - Set 'validateMigrationNaming' to true to fail fast and see a list of the invalid file names.
2026-06-23 20:34:26.792 [restartedMain] WARN  o.m.jdbc.message.server.ErrorPacket.warn - Error: 1193-HY000: Unknown system variable 'WSREP_ON'
2026-06-23 20:34:26.799 [restartedMain] WARN  o.f.c.i.database.base.Database.warn - Using MariaDB 12.2 which is newer than the version Flyway has been verified with. The latest verified version of MariaDB is 11.7.
2026-06-23 20:34:26.805 [restartedMain] INFO  o.f.core.internal.command.DbValidate.info - Successfully validated 1 migration (execution time 00:00.002s)
2026-06-23 20:34:26.808 [restartedMain] INFO  o.f.core.internal.command.DbMigrate.info - Current version of schema `trackify`: 1
2026-06-23 20:34:26.809 [restartedMain] INFO  o.f.core.internal.command.DbMigrate.info - Schema `trackify` is up to date. No migration necessary.
2026-06-23 20:34:27.706 [restartedMain] INFO  o.s.boot.tomcat.TomcatWebServer.start - Tomcat started on port 8080 (http) with context path '/'
2026-06-23 20:34:27.717 [restartedMain] INFO  c.e.trackify.TrackifyApplication.logStarted - Started TrackifyApplication in 9.141 seconds (process running for 10.288)
2026-06-23 20:34:27.720 [restartedMain] INFO  c.e.trackify.config.DatosIniciales.run - Iniciando insercion de datos iniciales...
2026-06-23 20:34:27.903 [restartedMain] INFO  c.e.trackify.config.DatosIniciales.run - Insercion de datos iniciales finalizada
2026-06-23 20:41:20.128 [SpringApplicationShutdownHook] INFO  o.s.boot.tomcat.GracefulShutdown.shutDownGracefully - Commencing graceful shutdown. Waiting for active requests to complete
2026-06-23 20:41:20.133 [tomcat-shutdown] INFO  o.s.boot.tomcat.GracefulShutdown.doShutdown - Graceful shutdown complete
2026-06-23 20:41:20.141 [SpringApplicationShutdownHook] INFO  o.s.o.j.LocalContainerEntityManagerFactoryBean.destroy - Closing JPA EntityManagerFactory for persistence unit 'default'
2026-06-23 20:41:20.146 [SpringApplicationShutdownHook] INFO  com.zaxxer.hikari.HikariDataSource.close - HikariPool-1 - Shutdown initiated...
2026-06-23 20:41:20.150 [SpringApplicationShutdownHook] INFO  com.zaxxer.hikari.HikariDataSource.close - HikariPool-1 - Shutdown completed.
